gpasm-1.4.0 #1106 (Oct  6 2014) obj\Debug\OS.   10-29-2019  15:21:40        PAGE  1


LOC    OBJECT CODE    LINE  SOURCE TEXT
  VALUE

                      00001 ;--------------------------------------------------------
                      00002 ; File Created by SDCC : free open source ANSI-C Compiler
                      00003 ; Version 3.5.0 #9253 (Jun 20 2015) (MINGW32)
                      00004 ; This file was generated Tue Oct 29 15:21:39 2019
                      00005 ;--------------------------------------------------------
                      00006 ; PIC port for the 14-bit core
                      00007 ;--------------------------------------------------------
                      00008         .file   "OS.c"
                      00009         list    p=16f877a
                      00010         radix dec
                      00011         include "p16f877a.inc"
                      00001         LIST
                      00002 
                      00003 ;==========================================================================
                      00004 ; Build date : Aug 07 2014
                      00005 ;  MPASM PIC16F877A processor include
                      00006 ; 
                      00007 ;  (c) Copyright 1999-2014 Microchip Technology, All rights reserved
                      00008 ;==========================================================================
                      00009 
                      00567         LIST
                      00012 ;--------------------------------------------------------
                      00013 ; external declarations
                      00014 ;--------------------------------------------------------
  0000                00015         extern  _FrontLight_Init
  0000                00016         extern  _FrontLight_Update
  0000                00017         extern  _FrontLight_Get_Status
  0000                00018         extern  _Blinker_Light_Init
  0000                00019         extern  _Blinker_Light_Update
  0000                00020         extern  _welcome_Light_Init
  0000                00021         extern  _welcome_Light_Update
  0000                00022         extern  _welcome_Pattern_Update
  0000                00023         extern  _DRL_Init
  0000                00024         extern  _DRL_Update
  0000                00025         extern  _STATUSbits
  0000                00026         extern  _PORTAbits
  0000                00027         extern  _PORTBbits
  0000                00028         extern  _PORTCbits
  0000                00029         extern  _PORTDbits
  0000                00030         extern  _PORTEbits
  0000                00031         extern  _INTCONbits
  0000                00032         extern  _PIR1bits
  0000                00033         extern  _PIR2bits
  0000                00034         extern  _T1CONbits
  0000                00035         extern  _T2CONbits
  0000                00036         extern  _SSPCONbits
  0000                00037         extern  _CCP1CONbits
  0000                00038         extern  _RCSTAbits
  0000                00039         extern  _CCP2CONbits
  0000                00040         extern  _ADCON0bits
  0000                00041         extern  _OPTION_REGbits
  0000                00042         extern  _TRISAbits
  0000                00043         extern  _TRISBbits
gpasm-1.4.0 #1106 (Oct  6 2014) obj\Debug\OS.   10-29-2019  15:21:40        PAGE  2


LOC    OBJECT CODE    LINE  SOURCE TEXT
  VALUE

  0000                00044         extern  _TRISCbits
  0000                00045         extern  _TRISDbits
  0000                00046         extern  _TRISEbits
  0000                00047         extern  _PIE1bits
  0000                00048         extern  _PIE2bits
  0000                00049         extern  _PCONbits
  0000                00050         extern  _SSPCON2bits
  0000                00051         extern  _SSPSTATbits
  0000                00052         extern  _TXSTAbits
  0000                00053         extern  _CMCONbits
  0000                00054         extern  _CVRCONbits
  0000                00055         extern  _ADCON1bits
  0000                00056         extern  _EECON1bits
  0000                00057         extern  _INDF
  0000                00058         extern  _TMR0
  0000                00059         extern  _PCL
  0000                00060         extern  _STATUS
  0000                00061         extern  _FSR
  0000                00062         extern  _PORTA
  0000                00063         extern  _PORTB
  0000                00064         extern  _PORTC
  0000                00065         extern  _PORTD
  0000                00066         extern  _PORTE
  0000                00067         extern  _PCLATH
  0000                00068         extern  _INTCON
  0000                00069         extern  _PIR1
  0000                00070         extern  _PIR2
  0000                00071         extern  _TMR1
  0000                00072         extern  _TMR1L
  0000                00073         extern  _TMR1H
  0000                00074         extern  _T1CON
  0000                00075         extern  _TMR2
  0000                00076         extern  _T2CON
  0000                00077         extern  _SSPBUF
  0000                00078         extern  _SSPCON
  0000                00079         extern  _CCPR1
  0000                00080         extern  _CCPR1L
  0000                00081         extern  _CCPR1H
  0000                00082         extern  _CCP1CON
  0000                00083         extern  _RCSTA
  0000                00084         extern  _TXREG
  0000                00085         extern  _RCREG
  0000                00086         extern  _CCPR2
  0000                00087         extern  _CCPR2L
  0000                00088         extern  _CCPR2H
  0000                00089         extern  _CCP2CON
  0000                00090         extern  _ADRESH
  0000                00091         extern  _ADCON0
  0000                00092         extern  _OPTION_REG
  0000                00093         extern  _TRISA
  0000                00094         extern  _TRISB
  0000                00095         extern  _TRISC
  0000                00096         extern  _TRISD
gpasm-1.4.0 #1106 (Oct  6 2014) obj\Debug\OS.   10-29-2019  15:21:40        PAGE  3


LOC    OBJECT CODE    LINE  SOURCE TEXT
  VALUE

  0000                00097         extern  _TRISE
  0000                00098         extern  _PIE1
  0000                00099         extern  _PIE2
  0000                00100         extern  _PCON
  0000                00101         extern  _SSPCON2
  0000                00102         extern  _PR2
  0000                00103         extern  _SSPADD
  0000                00104         extern  _SSPSTAT
  0000                00105         extern  _TXSTA
  0000                00106         extern  _SPBRG
  0000                00107         extern  _CMCON
  0000                00108         extern  _CVRCON
  0000                00109         extern  _ADRESL
  0000                00110         extern  _ADCON1
  0000                00111         extern  _EEDATA
  0000                00112         extern  _EEADR
  0000                00113         extern  _EEDATH
  0000                00114         extern  _EEADRH
  0000                00115         extern  _EECON1
  0000                00116         extern  _EECON2
  0000                00117         extern  ___sdcc_saved_fsr
                      00118 
  0000                00119         extern PSAVE
  0000                00120         extern SSAVE
  0000                00121         extern WSAVE
  0000                00122         extern STK12
  0000                00123         extern STK11
  0000                00124         extern STK10
  0000                00125         extern STK09
  0000                00126         extern STK08
  0000                00127         extern STK07
  0000                00128         extern STK06
  0000                00129         extern STK05
  0000                00130         extern STK04
  0000                00131         extern STK03
  0000                00132         extern STK02
  0000                00133         extern STK01
  0000                00134         extern STK00
                      00135 ;--------------------------------------------------------
                      00136 ; global declarations
                      00137 ;--------------------------------------------------------
  0000                00138         global  _OS_Update
  0000                00139         global  _OS_Start
  0000                00140         global  _OS_Init
  0000                00141         global  _lock
                      00142 
                      00143 ;--------------------------------------------------------
                      00144 ; global definitions
                      00145 ;--------------------------------------------------------
                      00146 ;--------------------------------------------------------
                      00147 ; absolute symbol definitions
                      00148 ;--------------------------------------------------------
                      00149 ;--------------------------------------------------------
gpasm-1.4.0 #1106 (Oct  6 2014) obj\Debug\OS.   10-29-2019  15:21:40        PAGE  4


LOC    OBJECT CODE    LINE  SOURCE TEXT
  VALUE

                      00150 ; compiler-defined variables
                      00151 ;--------------------------------------------------------
                      00152 ;--------------------------------------------------------
                      00153 ; initialized data
                      00154 ;--------------------------------------------------------
                      00155 
                      00156 ID_OS_0 idata
0000                  00157 _lock
0000   00             00158         db      0x00
                      00159 
                      00160 ;--------------------------------------------------------
                      00161 ; overlayable items in internal ram 
                      00162 ;--------------------------------------------------------
                      00163 ;       udata_ovr
                      00164 ;--------------------------------------------------------
                      00165 ; interrupt and initialization code
                      00166 ;--------------------------------------------------------
                      00167 c_interrupt     code    0x4
0004                  00168 __sdcc_interrupt
                      00169 ;***
                      00170 ;  pBlock Stats: dbName = I
                      00171 ;***
                      00172 ;entry:  _OS_Update     ;Function start
                      00173 ; 0 exit points
                      00174 ;functions called:
                      00175 ;   _Blinker_Light_Update
                      00176 ;   _FrontLight_Update
                      00177 ;   _DRL_Update
                      00178 ;   _welcome_Light_Update
                      00179 ;   _Blinker_Light_Update
                      00180 ;   _FrontLight_Update
                      00181 ;   _DRL_Update
                      00182 ;   _welcome_Light_Update
                      00183 ;; Starting pCode block
                      00184 ;;; /home/sdcc-builder/build/sdcc-build/orig/sdcc/src/pic14/gen.c:2316:resultRemat *{*
                      00185 ;;; /home/sdcc-builder/build/sdcc-build/orig/sdcc/src/pic14/gen.c:2760:genLabel *{*
                      00186 ;; ***  genLabel  2763
                      00187 ;;; /home/sdcc-builder/build/sdcc-build/orig/sdcc/src/pic14/gen.c:2316:resultRemat *{*
                      00188 ;;; /home/sdcc-builder/build/sdcc-build/orig/sdcc/src/pic14/gen.c:2340:genFunction *{*
                      00189 ;; ***  genFunction  2342 curr label offset=8previous max_key=0 
0004                  00190 _OS_Update      ;Function start
                      00191 ; 0 exit points
                      00192 ;; >>> /home/sdcc-builder/build/sdcc-build/orig/sdcc/src/pic14/gen.c:2407:genFunction
                      00193         .line   24; "OS.c"      void OS_Update(void) __interrupt 0
0004   00??           00194         MOVWF   WSAVE
                      00195 ;; >>> /home/sdcc-builder/build/sdcc-build/orig/sdcc/src/pic14/gen.c:2408:genFunction
0005   0E03           00196         SWAPF   STATUS,W
                      00197 ;; >>> /home/sdcc-builder/build/sdcc-build/orig/sdcc/src/pic14/gen.c:2413:genFunction
0006   0183           00198         CLRF    STATUS
                      00199 ;; >>> /home/sdcc-builder/build/sdcc-build/orig/sdcc/src/pic14/gen.c:2414:genFunction
0007   00??           00200         MOVWF   SSAVE
                      00201 ;; >>> /home/sdcc-builder/build/sdcc-build/orig/sdcc/src/pic14/gen.c:2416:genFunction
0008   080A           00202         MOVF    PCLATH,W
gpasm-1.4.0 #1106 (Oct  6 2014) obj\Debug\OS.   10-29-2019  15:21:40        PAGE  5


LOC    OBJECT CODE    LINE  SOURCE TEXT
  VALUE

                      00203 ;; >>> /home/sdcc-builder/build/sdcc-build/orig/sdcc/src/pic14/gen.c:2418:genFunction
0009   018A           00204         CLRF    PCLATH
                      00205 ;; >>> /home/sdcc-builder/build/sdcc-build/orig/sdcc/src/pic14/gen.c:2419:genFunction
000A   00??           00206         MOVWF   PSAVE
                      00207 ;; >>> /home/sdcc-builder/build/sdcc-build/orig/sdcc/src/pic14/gen.c:2421:genFunction
000B   0804           00208         MOVF    FSR,W
                      00209 ;; >>> /home/sdcc-builder/build/sdcc-build/orig/sdcc/src/pic14/gen.c:2422:genFunction
000C   ???? ????      00210         BANKSEL ___sdcc_saved_fsr
000E   00??           00211         MOVWF   ___sdcc_saved_fsr
                      00212 ;;; /home/sdcc-builder/build/sdcc-build/orig/sdcc/src/pic14/gen.c:2316:resultRemat *{*
                      00213 ;;; /home/sdcc-builder/build/sdcc-build/orig/sdcc/src/pic14/gen.c:2316:resultRemat *{*
                      00214 ;;; /home/sdcc-builder/build/sdcc-build/orig/sdcc/src/pic14/gen.c:6686:genPointerSet *{*
                      00215 ;; ***  genPointerSet  6687
                      00216 ;;; /home/sdcc-builder/build/sdcc-build/orig/sdcc/src/pic14/gen.c:6505:genNearPointerSet *{*
                      00217 ;; ***  genNearPointerSet  6506
                      00218 ;;      613
                      00219 ;;      aopForRemat 392
                      00220 ;;      418: rname _INTCONbits, val 0, const = 0
                      00221 ;; ***  genNearPointerSet  6521
                      00222 ;;      833: aopGet AOP_PCODE type PO_IMMEDIATE
                      00223 ;;      _INTCONbits
                      00224 ;;      line = 6523 result AOP_PCODE=_INTCONbits, size=2, left -=-, size=0, right AOP_LIT=0x00, size=1
                      00225 ;;; /home/sdcc-builder/build/sdcc-build/orig/sdcc/src/pic14/gen.c:6249:genPackBits *{*
                      00226 ;; ***  genPackBits  6250
                      00227 ;;      833: aopGet AOP_PCODE type PO_IMMEDIATE
                      00228 ;;      _INTCONbits
                      00229 ;; >>> /home/sdcc-builder/build/sdcc-build/orig/sdcc/src/pic14/gen.c:6275:genPackBits
                      00230         .line   27; "OS.c"      CLEAR_TIMER_FLAG;
000F   ???? ????      00231         BANKSEL _INTCONbits
0011   11??           00232         BCF     _INTCONbits,2
                      00233 ;;; /home/sdcc-builder/build/sdcc-build/orig/sdcc/src/pic14/gen.c:2316:resultRemat *{*
                      00234 ;;; /home/sdcc-builder/build/sdcc-build/orig/sdcc/src/pic14/gen.c:6927:genAssign *{*
                      00235 ;; ***  genAssign  6928
                      00236 ;; ***  aopForSym 315
                      00237 ;;      327 sym->rname = _TMR0, size = 1
                      00238 ;;      line = 6937 result AOP_DIR=_TMR0, size=1, left -=-, size=0, right AOP_LIT=0xd8, size=1
                      00239 ;; ***  genAssign  7023
                      00240 ;; >>> /home/sdcc-builder/build/sdcc-build/orig/sdcc/src/pic14/gen.c:7030:genAssign
                      00241         .line   28; "OS.c"      UPDATE_TIMER(OS_TICK);
0012   30D8           00242         MOVLW   0xd8
                      00243 ;; >>> /home/sdcc-builder/build/sdcc-build/orig/sdcc/src/pic14/gen.c:7032:genAssign
                      00244 ;;      1009
                      00245 ;;      1028  _TMR0   offset=0
0013   00??           00246         MOVWF   _TMR0
                      00247 ;;; /home/sdcc-builder/build/sdcc-build/orig/sdcc/src/pic14/gen.c:2316:resultRemat *{*
                      00248 ;;; /home/sdcc-builder/build/sdcc-build/orig/sdcc/src/pic14/gen.c:3619:genCmpEq *{*
                      00249 ;; ***  genCmpEq  3620
                      00250 ;; ifx is non-null
                      00251 ;; ***  aopForSym 315
                      00252 ;;      327 sym->rname = _lock, size = 1
                      00253 ;;      line = 3631 result AOP_CRY=0x00, size=0, left AOP_DIR=_lock, size=1, right AOP_LIT=0x01, size=1
                      00254 ;; ***  mov2w  1381  offset=0
                      00255 ;; >>> /home/sdcc-builder/build/sdcc-build/orig/sdcc/src/pic14/gen.c:1386:mov2w
gpasm-1.4.0 #1106 (Oct  6 2014) obj\Debug\OS.   10-29-2019  15:21:40        PAGE  6


LOC    OBJECT CODE    LINE  SOURCE TEXT
  VALUE

                      00256 ;;      1009
                      00257 ;;      1024  _lock   offset=0 - had to alloc by reg name
                      00258         .line   33; "OS.c"      if(lock == LOCK){
0014   ???? ????      00259         BANKSEL _lock
0016   08??           00260         MOVF    _lock,W
                      00261 ;; >>> /home/sdcc-builder/build/sdcc-build/orig/sdcc/src/pic14/gen.c:3685:genCmpEq
0017   3A01           00262         XORLW   0x01
                      00263 ;; >>> /home/sdcc-builder/build/sdcc-build/orig/sdcc/src/pic14/gen.c:3687:genCmpEq
0018   1D03           00264         BTFSS   STATUS,2
                      00265 ;; >>> /home/sdcc-builder/build/sdcc-build/orig/sdcc/src/pic14/gen.c:3690:genCmpEq
                      00266 ;; ***  popGetLabel  key=4, label offset 12
0019   2???           00267         GOTO    _00116_DS_
                      00268 ;;; /home/sdcc-builder/build/sdcc-build/orig/sdcc/src/pic14/gen.c:2316:resultRemat *{*
                      00269 ;;; /home/sdcc-builder/build/sdcc-build/orig/sdcc/src/pic14/gen.c:2316:resultRemat *{*
                      00270 ;;; /home/sdcc-builder/build/sdcc-build/orig/sdcc/src/pic14/gen.c:2086:genCall *{*
                      00271 ;; ***  genCall  2088
                      00272 ;;; /home/sdcc-builder/build/sdcc-build/orig/sdcc/src/pic14/gen.c:1801:saveRegisters *{*
                      00273 ;; ***  saveRegisters  1803
                      00274 ;; >>> /home/sdcc-builder/build/sdcc-build/orig/sdcc/src/pic14/gen.c:2173:genCall
                      00275         .line   35; "OS.c"      Blinker_Light_Update();//10ms
001A   ???? ????      00276         PAGESEL _Blinker_Light_Update
                      00277 ;; >>> /home/sdcc-builder/build/sdcc-build/orig/sdcc/src/pic14/gen.c:2175:genCall
001C   2???           00278         CALL    _Blinker_Light_Update
                      00279 ;; >>> /home/sdcc-builder/build/sdcc-build/orig/sdcc/src/pic14/gen.c:2181:genCall
001D   ???? ????      00280         PAGESEL $
                      00281 ;;; /home/sdcc-builder/build/sdcc-build/orig/sdcc/src/pic14/gen.c:1845:unsaveRegisters *{*
                      00282 ;; ***  unsaveRegisters  1847
                      00283 ;;; /home/sdcc-builder/build/sdcc-build/orig/sdcc/src/pic14/gen.c:2316:resultRemat *{*
                      00284 ;;; /home/sdcc-builder/build/sdcc-build/orig/sdcc/src/pic14/gen.c:2086:genCall *{*
                      00285 ;; ***  genCall  2088
                      00286 ;;; /home/sdcc-builder/build/sdcc-build/orig/sdcc/src/pic14/gen.c:1801:saveRegisters *{*
                      00287 ;; ***  saveRegisters  1803
                      00288 ;; >>> /home/sdcc-builder/build/sdcc-build/orig/sdcc/src/pic14/gen.c:2173:genCall
                      00289         .line   36; "OS.c"      FrontLight_Update();//20ms
001F   ???? ????      00290         PAGESEL _FrontLight_Update
                      00291 ;; >>> /home/sdcc-builder/build/sdcc-build/orig/sdcc/src/pic14/gen.c:2175:genCall
0021   2???           00292         CALL    _FrontLight_Update
                      00293 ;; >>> /home/sdcc-builder/build/sdcc-build/orig/sdcc/src/pic14/gen.c:2181:genCall
0022   ???? ????      00294         PAGESEL $
                      00295 ;;; /home/sdcc-builder/build/sdcc-build/orig/sdcc/src/pic14/gen.c:1845:unsaveRegisters *{*
                      00296 ;; ***  unsaveRegisters  1847
                      00297 ;;; /home/sdcc-builder/build/sdcc-build/orig/sdcc/src/pic14/gen.c:2316:resultRemat *{*
                      00298 ;;; /home/sdcc-builder/build/sdcc-build/orig/sdcc/src/pic14/gen.c:2086:genCall *{*
                      00299 ;; ***  genCall  2088
                      00300 ;;; /home/sdcc-builder/build/sdcc-build/orig/sdcc/src/pic14/gen.c:1801:saveRegisters *{*
                      00301 ;; ***  saveRegisters  1803
                      00302 ;; >>> /home/sdcc-builder/build/sdcc-build/orig/sdcc/src/pic14/gen.c:2173:genCall
                      00303         .line   37; "OS.c"      DRL_Update();//20ms
0024   ???? ????      00304         PAGESEL _DRL_Update
                      00305 ;; >>> /home/sdcc-builder/build/sdcc-build/orig/sdcc/src/pic14/gen.c:2175:genCall
0026   2???           00306         CALL    _DRL_Update
                      00307 ;; >>> /home/sdcc-builder/build/sdcc-build/orig/sdcc/src/pic14/gen.c:2181:genCall
0027   ???? ????      00308         PAGESEL $
gpasm-1.4.0 #1106 (Oct  6 2014) obj\Debug\OS.   10-29-2019  15:21:40        PAGE  7


LOC    OBJECT CODE    LINE  SOURCE TEXT
  VALUE

                      00309 ;;; /home/sdcc-builder/build/sdcc-build/orig/sdcc/src/pic14/gen.c:1845:unsaveRegisters *{*
                      00310 ;; ***  unsaveRegisters  1847
                      00311 ;;; /home/sdcc-builder/build/sdcc-build/orig/sdcc/src/pic14/gen.c:2316:resultRemat *{*
                      00312 ;;; /home/sdcc-builder/build/sdcc-build/orig/sdcc/src/pic14/gen.c:2778:genGoto *{*
                      00313 ;; >>> /home/sdcc-builder/build/sdcc-build/orig/sdcc/src/pic14/gen.c:2780:genGoto
                      00314 ;; ***  popGetLabel  key=6, label offset 12
0029   2???           00315         GOTO    _00118_DS_
                      00316 ;;; /home/sdcc-builder/build/sdcc-build/orig/sdcc/src/pic14/gen.c:2316:resultRemat *{*
                      00317 ;;; /home/sdcc-builder/build/sdcc-build/orig/sdcc/src/pic14/gen.c:2760:genLabel *{*
                      00318 ;; ***  genLabel  2763
                      00319 ;;; /home/sdcc-builder/build/sdcc-build/orig/sdcc/src/pic14/gen.c:2316:resultRemat *{*
                      00320 ;;; /home/sdcc-builder/build/sdcc-build/orig/sdcc/src/pic14/gen.c:6759:genIfx *{*
                      00321 ;; ***  genIfx  6760
                      00322 ;; ***  aopForSym 315
                      00323 ;;      327 sym->rname = _lock, size = 1
                      00324 ;; ***  pic14_toBoolean  1515
                      00325 ;; >>> /home/sdcc-builder/build/sdcc-build/orig/sdcc/src/pic14/gen.c:1522:pic14_toBoolean
002A                  00326 _00116_DS_
                      00327         .line   39; "OS.c"      else if(lock == UNLOCK){
002A   3000           00328         MOVLW   0x00
                      00329 ;; >>> /home/sdcc-builder/build/sdcc-build/orig/sdcc/src/pic14/gen.c:1533:pic14_toBoolean
                      00330 ;;      1009
                      00331 ;;      1028  _lock   offset=0
002B   ???? ????      00332         BANKSEL _lock
002D   04??           00333         IORWF   _lock,W
                      00334 ;; >>> /home/sdcc-builder/build/sdcc-build/orig/sdcc/src/pic14/gen.c:6808:genIfx
002E   1D03           00335         BTFSS   STATUS,2
                      00336 ;; >>> /home/sdcc-builder/build/sdcc-build/orig/sdcc/src/pic14/gen.c:6809:genIfx
                      00337 ;; ***  popGetLabel  key=6, label offset 12
002F   2???           00338         GOTO    _00118_DS_
                      00339 ;;; /home/sdcc-builder/build/sdcc-build/orig/sdcc/src/pic14/gen.c:2316:resultRemat *{*
                      00340 ;;; /home/sdcc-builder/build/sdcc-build/orig/sdcc/src/pic14/gen.c:2086:genCall *{*
                      00341 ;; ***  genCall  2088
                      00342 ;;; /home/sdcc-builder/build/sdcc-build/orig/sdcc/src/pic14/gen.c:1801:saveRegisters *{*
                      00343 ;; ***  saveRegisters  1803
                      00344 ;; >>> /home/sdcc-builder/build/sdcc-build/orig/sdcc/src/pic14/gen.c:2173:genCall
                      00345         .line   40; "OS.c"      welcome_Light_Update();//5ms
0030   ???? ????      00346         PAGESEL _welcome_Light_Update
                      00347 ;; >>> /home/sdcc-builder/build/sdcc-build/orig/sdcc/src/pic14/gen.c:2175:genCall
0032   2???           00348         CALL    _welcome_Light_Update
                      00349 ;; >>> /home/sdcc-builder/build/sdcc-build/orig/sdcc/src/pic14/gen.c:2181:genCall
0033   ???? ????      00350         PAGESEL $
                      00351 ;;; /home/sdcc-builder/build/sdcc-build/orig/sdcc/src/pic14/gen.c:1845:unsaveRegisters *{*
                      00352 ;; ***  unsaveRegisters  1847
                      00353 ;;; /home/sdcc-builder/build/sdcc-build/orig/sdcc/src/pic14/gen.c:2316:resultRemat *{*
                      00354 ;;; /home/sdcc-builder/build/sdcc-build/orig/sdcc/src/pic14/gen.c:2760:genLabel *{*
                      00355 ;; ***  genLabel  2763
                      00356 ;;; /home/sdcc-builder/build/sdcc-build/orig/sdcc/src/pic14/gen.c:2316:resultRemat *{*
                      00357 ;;; /home/sdcc-builder/build/sdcc-build/orig/sdcc/src/pic14/gen.c:2528:genEndFunction *{*
                      00358 ;; ***  genEndFunction  2530
                      00359 ;;; /home/sdcc-builder/build/sdcc-build/orig/sdcc/src/pic14/gen.c:2023:unsaverbank *{*
                      00360 ;; ***  unsaverbank  2025 - WARNING no code generated
                      00361 ;; >>> /home/sdcc-builder/build/sdcc-build/orig/sdcc/src/pic14/gen.c:2622:genEndFunction
gpasm-1.4.0 #1106 (Oct  6 2014) obj\Debug\OS.   10-29-2019  15:21:40        PAGE  8


LOC    OBJECT CODE    LINE  SOURCE TEXT
  VALUE

0035                  00362 _00118_DS_
0035   ???? ????      00363         BANKSEL ___sdcc_saved_fsr
0037   08??           00364         MOVF    ___sdcc_saved_fsr,W
                      00365 ;; >>> /home/sdcc-builder/build/sdcc-build/orig/sdcc/src/pic14/gen.c:2623:genEndFunction
0038   1283 1303      00366         BANKSEL FSR
003A   0084           00367         MOVWF   FSR
                      00368 ;; >>> /home/sdcc-builder/build/sdcc-build/orig/sdcc/src/pic14/gen.c:2625:genEndFunction
003B   08??           00369         MOVF    PSAVE,W
                      00370 ;; >>> /home/sdcc-builder/build/sdcc-build/orig/sdcc/src/pic14/gen.c:2626:genEndFunction
003C   008A           00371         MOVWF   PCLATH
                      00372 ;; >>> /home/sdcc-builder/build/sdcc-build/orig/sdcc/src/pic14/gen.c:2627:genEndFunction
003D   0183           00373         CLRF    STATUS
                      00374 ;; >>> /home/sdcc-builder/build/sdcc-build/orig/sdcc/src/pic14/gen.c:2629:genEndFunction
003E   0E??           00375         SWAPF   SSAVE,W
                      00376 ;; >>> /home/sdcc-builder/build/sdcc-build/orig/sdcc/src/pic14/gen.c:2630:genEndFunction
003F   0083           00377         MOVWF   STATUS
                      00378 ;; >>> /home/sdcc-builder/build/sdcc-build/orig/sdcc/src/pic14/gen.c:2631:genEndFunction
0040   0E??           00379         SWAPF   WSAVE,F
                      00380 ;; >>> /home/sdcc-builder/build/sdcc-build/orig/sdcc/src/pic14/gen.c:2632:genEndFunction
0041   0E??           00381         SWAPF   WSAVE,W
0042                  00382 END_OF_INTERRUPT
0042   0009           00383         RETFIE  
                      00384 
                      00385 ;--------------------------------------------------------
                      00386 ; code
                      00387 ;--------------------------------------------------------
                      00388 code_OS code
                      00389 ;***
                      00390 ;  pBlock Stats: dbName = C
                      00391 ;***
                      00392 ;entry:  _OS_Start      ;Function start
                      00393 ; 2 exit points
                      00394 ;has an exit
                      00395 ;; Starting pCode block
                      00396 ;;; /home/sdcc-builder/build/sdcc-build/orig/sdcc/src/pic14/gen.c:2316:resultRemat *{*
                      00397 ;;; /home/sdcc-builder/build/sdcc-build/orig/sdcc/src/pic14/gen.c:2760:genLabel *{*
                      00398 ;; ***  genLabel  2763
                      00399 ;;; /home/sdcc-builder/build/sdcc-build/orig/sdcc/src/pic14/gen.c:2316:resultRemat *{*
                      00400 ;;; /home/sdcc-builder/build/sdcc-build/orig/sdcc/src/pic14/gen.c:2340:genFunction *{*
                      00401 ;; ***  genFunction  2342 curr label offset=4previous max_key=0 
0000                  00402 _OS_Start       ;Function start
                      00403 ; 2 exit points
                      00404 ;;; /home/sdcc-builder/build/sdcc-build/orig/sdcc/src/pic14/gen.c:2316:resultRemat *{*
                      00405 ;;; /home/sdcc-builder/build/sdcc-build/orig/sdcc/src/pic14/gen.c:2316:resultRemat *{*
                      00406 ;;; /home/sdcc-builder/build/sdcc-build/orig/sdcc/src/pic14/gen.c:6686:genPointerSet *{*
                      00407 ;; ***  genPointerSet  6687
                      00408 ;;; /home/sdcc-builder/build/sdcc-build/orig/sdcc/src/pic14/gen.c:6505:genNearPointerSet *{*
                      00409 ;; ***  genNearPointerSet  6506
                      00410 ;;      613
                      00411 ;;      aopForRemat 392
                      00412 ;;      418: rname _INTCONbits, val 0, const = 0
                      00413 ;; ***  genNearPointerSet  6521
                      00414 ;;      833: aopGet AOP_PCODE type PO_IMMEDIATE
gpasm-1.4.0 #1106 (Oct  6 2014) obj\Debug\OS.   10-29-2019  15:21:40        PAGE  9


LOC    OBJECT CODE    LINE  SOURCE TEXT
  VALUE

                      00415 ;;      _INTCONbits
                      00416 ;;      line = 6523 result AOP_PCODE=_INTCONbits, size=2, left -=-, size=0, right AOP_LIT=0x00, size=1
                      00417 ;;; /home/sdcc-builder/build/sdcc-build/orig/sdcc/src/pic14/gen.c:6249:genPackBits *{*
                      00418 ;; ***  genPackBits  6250
                      00419 ;;      833: aopGet AOP_PCODE type PO_IMMEDIATE
                      00420 ;;      _INTCONbits
                      00421 ;; >>> /home/sdcc-builder/build/sdcc-build/orig/sdcc/src/pic14/gen.c:6275:genPackBits
                      00422         .line   16; "OS.c"      CLEAR_TIMER_FLAG;
0000   ???? ????      00423         BANKSEL _INTCONbits
0002   11??           00424         BCF     _INTCONbits,2
                      00425 ;;; /home/sdcc-builder/build/sdcc-build/orig/sdcc/src/pic14/gen.c:2316:resultRemat *{*
                      00426 ;;; /home/sdcc-builder/build/sdcc-build/orig/sdcc/src/pic14/gen.c:6927:genAssign *{*
                      00427 ;; ***  genAssign  6928
                      00428 ;; ***  aopForSym 315
                      00429 ;;      327 sym->rname = _TMR0, size = 1
                      00430 ;;      line = 6937 result AOP_DIR=_TMR0, size=1, left -=-, size=0, right AOP_LIT=0xd8, size=1
                      00431 ;; ***  genAssign  7023
                      00432 ;; >>> /home/sdcc-builder/build/sdcc-build/orig/sdcc/src/pic14/gen.c:7030:genAssign
                      00433         .line   17; "OS.c"      UPDATE_TIMER(OS_TICK);
0003   30D8           00434         MOVLW   0xd8
                      00435 ;; >>> /home/sdcc-builder/build/sdcc-build/orig/sdcc/src/pic14/gen.c:7032:genAssign
                      00436 ;;      1009
                      00437 ;;      1028  _TMR0   offset=0
0004   00??           00438         MOVWF   _TMR0
                      00439 ;;; /home/sdcc-builder/build/sdcc-build/orig/sdcc/src/pic14/gen.c:2316:resultRemat *{*
                      00440 ;;; /home/sdcc-builder/build/sdcc-build/orig/sdcc/src/pic14/gen.c:2316:resultRemat *{*
                      00441 ;;; /home/sdcc-builder/build/sdcc-build/orig/sdcc/src/pic14/gen.c:6686:genPointerSet *{*
                      00442 ;; ***  genPointerSet  6687
                      00443 ;;; /home/sdcc-builder/build/sdcc-build/orig/sdcc/src/pic14/gen.c:6505:genNearPointerSet *{*
                      00444 ;; ***  genNearPointerSet  6506
                      00445 ;;      613
                      00446 ;;      aopForRemat 392
                      00447 ;;      418: rname _INTCONbits, val 0, const = 0
                      00448 ;; ***  genNearPointerSet  6521
                      00449 ;;      833: aopGet AOP_PCODE type PO_IMMEDIATE
                      00450 ;;      _INTCONbits
                      00451 ;;      line = 6523 result AOP_PCODE=_INTCONbits, size=2, left -=-, size=0, right AOP_LIT=0x01, size=1
                      00452 ;;; /home/sdcc-builder/build/sdcc-build/orig/sdcc/src/pic14/gen.c:6249:genPackBits *{*
                      00453 ;; ***  genPackBits  6250
                      00454 ;;      833: aopGet AOP_PCODE type PO_IMMEDIATE
                      00455 ;;      _INTCONbits
                      00456 ;; >>> /home/sdcc-builder/build/sdcc-build/orig/sdcc/src/pic14/gen.c:6275:genPackBits
                      00457         .line   18; "OS.c"      ENABLE_INTERRUPT;
0005   16??           00458         BSF     _INTCONbits,5
                      00459 ;;; /home/sdcc-builder/build/sdcc-build/orig/sdcc/src/pic14/gen.c:2316:resultRemat *{*
                      00460 ;;; /home/sdcc-builder/build/sdcc-build/orig/sdcc/src/pic14/gen.c:2316:resultRemat *{*
                      00461 ;;; /home/sdcc-builder/build/sdcc-build/orig/sdcc/src/pic14/gen.c:6686:genPointerSet *{*
                      00462 ;; ***  genPointerSet  6687
                      00463 ;;; /home/sdcc-builder/build/sdcc-build/orig/sdcc/src/pic14/gen.c:6505:genNearPointerSet *{*
                      00464 ;; ***  genNearPointerSet  6506
                      00465 ;;      613
                      00466 ;;      aopForRemat 392
                      00467 ;;      418: rname _INTCONbits, val 0, const = 0
gpasm-1.4.0 #1106 (Oct  6 2014) obj\Debug\OS.   10-29-2019  15:21:40        PAGE 10


LOC    OBJECT CODE    LINE  SOURCE TEXT
  VALUE

                      00468 ;; ***  genNearPointerSet  6521
                      00469 ;;      833: aopGet AOP_PCODE type PO_IMMEDIATE
                      00470 ;;      _INTCONbits
                      00471 ;;      line = 6523 result AOP_PCODE=_INTCONbits, size=2, left -=-, size=0, right AOP_LIT=0x01, size=1
                      00472 ;;; /home/sdcc-builder/build/sdcc-build/orig/sdcc/src/pic14/gen.c:6249:genPackBits *{*
                      00473 ;; ***  genPackBits  6250
                      00474 ;;      833: aopGet AOP_PCODE type PO_IMMEDIATE
                      00475 ;;      _INTCONbits
                      00476 ;; >>> /home/sdcc-builder/build/sdcc-build/orig/sdcc/src/pic14/gen.c:6275:genPackBits
                      00477         .line   19; "OS.c"      ENABLE_GLOBAL_INTERRUPT;
0006   17??           00478         BSF     _INTCONbits,7
                      00479 ;;; /home/sdcc-builder/build/sdcc-build/orig/sdcc/src/pic14/gen.c:2316:resultRemat *{*
                      00480 ;;; /home/sdcc-builder/build/sdcc-build/orig/sdcc/src/pic14/gen.c:2316:resultRemat *{*
                      00481 ;;; /home/sdcc-builder/build/sdcc-build/orig/sdcc/src/pic14/gen.c:6686:genPointerSet *{*
                      00482 ;; ***  genPointerSet  6687
                      00483 ;;; /home/sdcc-builder/build/sdcc-build/orig/sdcc/src/pic14/gen.c:6505:genNearPointerSet *{*
                      00484 ;; ***  genNearPointerSet  6506
                      00485 ;;      613
                      00486 ;;      aopForRemat 392
                      00487 ;;      418: rname _OPTION_REGbits, val 0, const = 0
                      00488 ;; ***  genNearPointerSet  6521
                      00489 ;;      833: aopGet AOP_PCODE type PO_IMMEDIATE
                      00490 ;;      _OPTION_REGbits
                      00491 ;;      line = 6523 result AOP_PCODE=_OPTION_REGbits, size=2, left -=-, size=0, right AOP_LIT=0x00, size
                            =1
                      00492 ;;; /home/sdcc-builder/build/sdcc-build/orig/sdcc/src/pic14/gen.c:6249:genPackBits *{*
                      00493 ;; ***  genPackBits  6250
                      00494 ;;      833: aopGet AOP_PCODE type PO_IMMEDIATE
                      00495 ;;      _OPTION_REGbits
                      00496 ;; >>> /home/sdcc-builder/build/sdcc-build/orig/sdcc/src/pic14/gen.c:6275:genPackBits
                      00497         .line   20; "OS.c"      ENABLE_TIMER;
0007   ???? ????      00498         BANKSEL _OPTION_REGbits
0009   12??           00499         BCF     _OPTION_REGbits,5
                      00500 ;;; /home/sdcc-builder/build/sdcc-build/orig/sdcc/src/pic14/gen.c:2316:resultRemat *{*
                      00501 ;;; /home/sdcc-builder/build/sdcc-build/orig/sdcc/src/pic14/gen.c:2760:genLabel *{*
                      00502 ;; ***  genLabel  2763
                      00503 ;;; /home/sdcc-builder/build/sdcc-build/orig/sdcc/src/pic14/gen.c:2316:resultRemat *{*
                      00504 ;;; /home/sdcc-builder/build/sdcc-build/orig/sdcc/src/pic14/gen.c:2528:genEndFunction *{*
                      00505 ;; ***  genEndFunction  2530
000A   0008           00506         RETURN  
                      00507 ; exit point of _OS_Start
                      00508 ;;; /home/sdcc-builder/build/sdcc-build/orig/sdcc/src/pic14/gen.c:7426:genpic14Code *{*
                      00509 
                      00510 ;***
                      00511 ;  pBlock Stats: dbName = C
                      00512 ;***
                      00513 ;entry:  _OS_Init       ;Function start
                      00514 ; 2 exit points
                      00515 ;has an exit
                      00516 ;; Starting pCode block
                      00517 ;;; /home/sdcc-builder/build/sdcc-build/orig/sdcc/src/pic14/gen.c:2316:resultRemat *{*
                      00518 ;;; /home/sdcc-builder/build/sdcc-build/orig/sdcc/src/pic14/gen.c:2760:genLabel *{*
                      00519 ;; ***  genLabel  2763
gpasm-1.4.0 #1106 (Oct  6 2014) obj\Debug\OS.   10-29-2019  15:21:40        PAGE 11


LOC    OBJECT CODE    LINE  SOURCE TEXT
  VALUE

                      00520 ;;; /home/sdcc-builder/build/sdcc-build/orig/sdcc/src/pic14/gen.c:2316:resultRemat *{*
                      00521 ;;; /home/sdcc-builder/build/sdcc-build/orig/sdcc/src/pic14/gen.c:2340:genFunction *{*
                      00522 ;; ***  genFunction  2342 curr label offset=0previous max_key=0 
000B                  00523 _OS_Init        ;Function start
                      00524 ; 2 exit points
                      00525 ;;; /home/sdcc-builder/build/sdcc-build/orig/sdcc/src/pic14/gen.c:2316:resultRemat *{*
                      00526 ;;; /home/sdcc-builder/build/sdcc-build/orig/sdcc/src/pic14/gen.c:2316:resultRemat *{*
                      00527 ;;; /home/sdcc-builder/build/sdcc-build/orig/sdcc/src/pic14/gen.c:6686:genPointerSet *{*
                      00528 ;; ***  genPointerSet  6687
                      00529 ;;; /home/sdcc-builder/build/sdcc-build/orig/sdcc/src/pic14/gen.c:6505:genNearPointerSet *{*
                      00530 ;; ***  genNearPointerSet  6506
                      00531 ;;      613
                      00532 ;;      aopForRemat 392
                      00533 ;;      418: rname _OPTION_REGbits, val 0, const = 0
                      00534 ;; ***  genNearPointerSet  6521
                      00535 ;;      833: aopGet AOP_PCODE type PO_IMMEDIATE
                      00536 ;;      _OPTION_REGbits
                      00537 ;;      line = 6523 result AOP_PCODE=_OPTION_REGbits, size=2, left -=-, size=0, right AOP_LIT=0x00, size
                            =1
                      00538 ;;; /home/sdcc-builder/build/sdcc-build/orig/sdcc/src/pic14/gen.c:6249:genPackBits *{*
                      00539 ;; ***  genPackBits  6250
                      00540 ;;      833: aopGet AOP_PCODE type PO_IMMEDIATE
                      00541 ;;      _OPTION_REGbits
                      00542 ;; >>> /home/sdcc-builder/build/sdcc-build/orig/sdcc/src/pic14/gen.c:6275:genPackBits
                      00543         .line   10; "OS.c"      TIMER_PRESCAlER;
000B   ???? ????      00544         BANKSEL _OPTION_REGbits
000D   11??           00545         BCF     _OPTION_REGbits,3
                      00546 ;;; /home/sdcc-builder/build/sdcc-build/orig/sdcc/src/pic14/gen.c:2316:resultRemat *{*
                      00547 ;;; /home/sdcc-builder/build/sdcc-build/orig/sdcc/src/pic14/gen.c:2316:resultRemat *{*
                      00548 ;;; /home/sdcc-builder/build/sdcc-build/orig/sdcc/src/pic14/gen.c:6686:genPointerSet *{*
                      00549 ;; ***  genPointerSet  6687
                      00550 ;;; /home/sdcc-builder/build/sdcc-build/orig/sdcc/src/pic14/gen.c:6505:genNearPointerSet *{*
                      00551 ;; ***  genNearPointerSet  6506
                      00552 ;;      613
                      00553 ;;      aopForRemat 392
                      00554 ;;      418: rname _OPTION_REGbits, val 0, const = 0
                      00555 ;; ***  genNearPointerSet  6521
                      00556 ;;      833: aopGet AOP_PCODE type PO_IMMEDIATE
                      00557 ;;      _OPTION_REGbits
                      00558 ;;      line = 6523 result AOP_PCODE=_OPTION_REGbits, size=2, left -=-, size=0, right AOP_LIT=0x01, size
                            =1
                      00559 ;;; /home/sdcc-builder/build/sdcc-build/orig/sdcc/src/pic14/gen.c:6249:genPackBits *{*
                      00560 ;; ***  genPackBits  6250
                      00561 ;;      833: aopGet AOP_PCODE type PO_IMMEDIATE
                      00562 ;;      _OPTION_REGbits
                      00563 ;; >>> /home/sdcc-builder/build/sdcc-build/orig/sdcc/src/pic14/gen.c:6275:genPackBits
                      00564         .line   11; "OS.c"      PRESCALER_RATE_SELECT;
000E   14??           00565         BSF     _OPTION_REGbits,0
                      00566 ;;; /home/sdcc-builder/build/sdcc-build/orig/sdcc/src/pic14/gen.c:2316:resultRemat *{*
                      00567 ;;; /home/sdcc-builder/build/sdcc-build/orig/sdcc/src/pic14/gen.c:2316:resultRemat *{*
                      00568 ;;; /home/sdcc-builder/build/sdcc-build/orig/sdcc/src/pic14/gen.c:6686:genPointerSet *{*
                      00569 ;; ***  genPointerSet  6687
                      00570 ;;; /home/sdcc-builder/build/sdcc-build/orig/sdcc/src/pic14/gen.c:6505:genNearPointerSet *{*
gpasm-1.4.0 #1106 (Oct  6 2014) obj\Debug\OS.   10-29-2019  15:21:40        PAGE 12


LOC    OBJECT CODE    LINE  SOURCE TEXT
  VALUE

                      00571 ;; ***  genNearPointerSet  6506
                      00572 ;;      613
                      00573 ;;      aopForRemat 392
                      00574 ;;      418: rname _OPTION_REGbits, val 0, const = 0
                      00575 ;; ***  genNearPointerSet  6521
                      00576 ;;      833: aopGet AOP_PCODE type PO_IMMEDIATE
                      00577 ;;      _OPTION_REGbits
                      00578 ;;      line = 6523 result AOP_PCODE=_OPTION_REGbits, size=2, left -=-, size=0, right AOP_LIT=0x01, size
                            =1
                      00579 ;;; /home/sdcc-builder/build/sdcc-build/orig/sdcc/src/pic14/gen.c:6249:genPackBits *{*
                      00580 ;; ***  genPackBits  6250
                      00581 ;;      833: aopGet AOP_PCODE type PO_IMMEDIATE
                      00582 ;;      _OPTION_REGbits
                      00583 ;; >>> /home/sdcc-builder/build/sdcc-build/orig/sdcc/src/pic14/gen.c:6275:genPackBits
000F   14??           00584         BSF     _OPTION_REGbits,1
                      00585 ;;; /home/sdcc-builder/build/sdcc-build/orig/sdcc/src/pic14/gen.c:2316:resultRemat *{*
                      00586 ;;; /home/sdcc-builder/build/sdcc-build/orig/sdcc/src/pic14/gen.c:2316:resultRemat *{*
                      00587 ;;; /home/sdcc-builder/build/sdcc-build/orig/sdcc/src/pic14/gen.c:6686:genPointerSet *{*
                      00588 ;; ***  genPointerSet  6687
                      00589 ;;; /home/sdcc-builder/build/sdcc-build/orig/sdcc/src/pic14/gen.c:6505:genNearPointerSet *{*
                      00590 ;; ***  genNearPointerSet  6506
                      00591 ;;      613
                      00592 ;;      aopForRemat 392
                      00593 ;;      418: rname _OPTION_REGbits, val 0, const = 0
                      00594 ;; ***  genNearPointerSet  6521
                      00595 ;;      833: aopGet AOP_PCODE type PO_IMMEDIATE
                      00596 ;;      _OPTION_REGbits
                      00597 ;;      line = 6523 result AOP_PCODE=_OPTION_REGbits, size=2, left -=-, size=0, right AOP_LIT=0x01, size
                            =1
                      00598 ;;; /home/sdcc-builder/build/sdcc-build/orig/sdcc/src/pic14/gen.c:6249:genPackBits *{*
                      00599 ;; ***  genPackBits  6250
                      00600 ;;      833: aopGet AOP_PCODE type PO_IMMEDIATE
                      00601 ;;      _OPTION_REGbits
                      00602 ;; >>> /home/sdcc-builder/build/sdcc-build/orig/sdcc/src/pic14/gen.c:6275:genPackBits
0010   15??           00603         BSF     _OPTION_REGbits,2
                      00604 ;;; /home/sdcc-builder/build/sdcc-build/orig/sdcc/src/pic14/gen.c:2316:resultRemat *{*
                      00605 ;;; /home/sdcc-builder/build/sdcc-build/orig/sdcc/src/pic14/gen.c:2316:resultRemat *{*
                      00606 ;;; /home/sdcc-builder/build/sdcc-build/orig/sdcc/src/pic14/gen.c:6686:genPointerSet *{*
                      00607 ;; ***  genPointerSet  6687
                      00608 ;;; /home/sdcc-builder/build/sdcc-build/orig/sdcc/src/pic14/gen.c:6505:genNearPointerSet *{*
                      00609 ;; ***  genNearPointerSet  6506
                      00610 ;;      613
                      00611 ;;      aopForRemat 392
                      00612 ;;      418: rname _OPTION_REGbits, val 0, const = 0
                      00613 ;; ***  genNearPointerSet  6521
                      00614 ;;      833: aopGet AOP_PCODE type PO_IMMEDIATE
                      00615 ;;      _OPTION_REGbits
                      00616 ;;      line = 6523 result AOP_PCODE=_OPTION_REGbits, size=2, left -=-, size=0, right AOP_LIT=0x01, size
                            =1
                      00617 ;;; /home/sdcc-builder/build/sdcc-build/orig/sdcc/src/pic14/gen.c:6249:genPackBits *{*
                      00618 ;; ***  genPackBits  6250
                      00619 ;;      833: aopGet AOP_PCODE type PO_IMMEDIATE
                      00620 ;;      _OPTION_REGbits
gpasm-1.4.0 #1106 (Oct  6 2014) obj\Debug\OS.   10-29-2019  15:21:40        PAGE 13


LOC    OBJECT CODE    LINE  SOURCE TEXT
  VALUE

                      00621 ;; >>> /home/sdcc-builder/build/sdcc-build/orig/sdcc/src/pic14/gen.c:6275:genPackBits
                      00622         .line   12; "OS.c"      DISABLE_TIMER;
0011   16??           00623         BSF     _OPTION_REGbits,5
                      00624 ;;; /home/sdcc-builder/build/sdcc-build/orig/sdcc/src/pic14/gen.c:2316:resultRemat *{*
                      00625 ;;; /home/sdcc-builder/build/sdcc-build/orig/sdcc/src/pic14/gen.c:2760:genLabel *{*
                      00626 ;; ***  genLabel  2763
                      00627 ;;; /home/sdcc-builder/build/sdcc-build/orig/sdcc/src/pic14/gen.c:2316:resultRemat *{*
                      00628 ;;; /home/sdcc-builder/build/sdcc-build/orig/sdcc/src/pic14/gen.c:2528:genEndFunction *{*
                      00629 ;; ***  genEndFunction  2530
0012   0008           00630         RETURN  
                      00631 ; exit point of _OS_Init
                      00632 ;;; /home/sdcc-builder/build/sdcc-build/orig/sdcc/src/pic14/gen.c:7426:genpic14Code *{*
                      00633 
                      00634 
                      00635 ;       code size estimation:
                      00636 ;          48+   17 =    65 instructions (  164 byte)
                      00637 
                      00638         end
gpasm-1.4.0 #1106 (Oct  6 2014) obj\Debug\OS.   10-29-2019  15:21:40        PAGE 14


SYMBOL TABLE
  LABEL                             VALUE

ACKDT                             00000005
ACKEN                             00000004
ACKSTAT                           00000006
ADCON0                            0000001F
ADCON1                            0000009F
ADCS0                             00000006
ADCS1                             00000007
ADCS2                             00000006
ADDEN                             00000003
ADFM                              00000007
ADIE                              00000006
ADIF                              00000006
ADON                              00000000
ADRESH                            0000001E
ADRESL                            0000009E
BCLIE                             00000003
BCLIF                             00000003
BF                                00000000
BRGH                              00000002
C                                 00000000
C1INV                             00000004
C1OUT                             00000006
C2INV                             00000005
C2OUT                             00000007
CCP1CON                           00000017
CCP1IE                            00000002
CCP1IF                            00000002
CCP1M0                            00000000
CCP1M1                            00000001
CCP1M2                            00000002
CCP1M3                            00000003
CCP1X                             00000005
CCP1Y                             00000004
CCP2CON                           0000001D
CCP2IE                            00000000
CCP2IF                            00000000
CCP2M0                            00000000
CCP2M1                            00000001
CCP2M2                            00000002
CCP2M3                            00000003
CCP2X                             00000005
CCP2Y                             00000004
CCPR1                             00000015
CCPR1H                            00000016
CCPR1L                            00000015
CCPR2                             0000001B
CCPR2H                            0000001C
CCPR2L                            0000001B
CHS0                              00000003
CHS1                              00000004
CHS2                              00000005
CIS                               00000003
CKE                               00000006
gpasm-1.4.0 #1106 (Oct  6 2014) obj\Debug\OS.   10-29-2019  15:21:40        PAGE 15


SYMBOL TABLE
  LABEL                             VALUE 

CKP                               00000004
CM0                               00000000
CM1                               00000001
CM2                               00000002
CMCON                             0000009C
CMIE                              00000006
CMIF                              00000006
CREN                              00000004
CSRC                              00000007
CVR0                              00000000
CVR1                              00000001
CVR2                              00000002
CVR3                              00000003
CVRCON                            0000009D
CVREN                             00000007
CVROE                             00000006
CVRR                              00000005
D                                 00000005
DATA_ADDRESS                      00000005
DC                                00000001
D_A                               00000005
D_NOT_A                           00000005
EEADR                             0000010D
EEADRH                            0000010F
EECON1                            0000018C
EECON2                            0000018D
EEDATA                            0000010C
EEDATH                            0000010E
EEIE                              00000004
EEIF                              00000004
EEPGD                             00000007
END_OF_INTERRUPT                  00000042
F                                 00000001
FERR                              00000002
FSR                               00000004
GCEN                              00000007
GIE                               00000007
GO                                00000002
GO_DONE                           00000002
GO_NOT_DONE                       00000002
I2C_DATA                          00000005
I2C_READ                          00000002
I2C_START                         00000003
I2C_STOP                          00000004
IBF                               00000007
IBOV                              00000005
INDF                              00000000
INTCON                            0000000B
INTE                              00000004
INTEDG                            00000006
INTF                              00000001
IRP                               00000007
NOT_A                             00000005
gpasm-1.4.0 #1106 (Oct  6 2014) obj\Debug\OS.   10-29-2019  15:21:40        PAGE 16


SYMBOL TABLE
  LABEL                             VALUE 

NOT_ADDRESS                       00000005
NOT_BO                            00000000
NOT_BOR                           00000000
NOT_DONE                          00000002
NOT_PD                            00000003
NOT_POR                           00000001
NOT_RBPU                          00000007
NOT_RC8                           00000006
NOT_T1SYNC                        00000002
NOT_TO                            00000004
NOT_TX8                           00000006
NOT_W                             00000002
NOT_WRITE                         00000002
OBF                               00000006
OERR                              00000001
OPTION_REG                        00000081
P                                 00000004
PCFG0                             00000000
PCFG1                             00000001
PCFG2                             00000002
PCFG3                             00000003
PCL                               00000002
PCLATH                            0000000A
PCON                              0000008E
PEIE                              00000006
PEN                               00000002
PIE1                              0000008C
PIE2                              0000008D
PIR1                              0000000C
PIR2                              0000000D
PORTA                             00000005
PORTB                             00000006
PORTC                             00000007
PORTD                             00000008
PORTE                             00000009
PR2                               00000092
PS0                               00000000
PS1                               00000001
PS2                               00000002
PSA                               00000003
PSAVE                             00000000
PSPIE                             00000007
PSPIF                             00000007
PSPMODE                           00000004
R                                 00000002
RA0                               00000000
RA1                               00000001
RA2                               00000002
RA3                               00000003
RA4                               00000004
RA5                               00000005
RB0                               00000000
RB1                               00000001
gpasm-1.4.0 #1106 (Oct  6 2014) obj\Debug\OS.   10-29-2019  15:21:40        PAGE 17


SYMBOL TABLE
  LABEL                             VALUE 

RB2                               00000002
RB3                               00000003
RB4                               00000004
RB5                               00000005
RB6                               00000006
RB7                               00000007
RBIE                              00000003
RBIF                              00000000
RC0                               00000000
RC1                               00000001
RC2                               00000002
RC3                               00000003
RC4                               00000004
RC5                               00000005
RC6                               00000006
RC7                               00000007
RC8_9                             00000006
RC9                               00000006
RCD8                              00000000
RCEN                              00000003
RCIE                              00000005
RCIF                              00000005
RCREG                             0000001A
RCSTA                             00000018
RD                                00000000
RD0                               00000000
RD1                               00000001
RD2                               00000002
RD3                               00000003
RD4                               00000004
RD5                               00000005
RD6                               00000006
RD7                               00000007
RE0                               00000000
RE1                               00000001
RE2                               00000002
READ_WRITE                        00000002
RP0                               00000005
RP1                               00000006
RSEN                              00000001
RX9                               00000006
RX9D                              00000000
R_NOT_W                           00000002
R_W                               00000002
S                                 00000003
SEN                               00000000
SMP                               00000007
SPBRG                             00000099
SPEN                              00000007
SREN                              00000005
SSAVE                             00000000
SSPADD                            00000093
SSPBUF                            00000013
gpasm-1.4.0 #1106 (Oct  6 2014) obj\Debug\OS.   10-29-2019  15:21:40        PAGE 18


SYMBOL TABLE
  LABEL                             VALUE 

SSPCON                            00000014
SSPCON2                           00000091
SSPEN                             00000005
SSPIE                             00000003
SSPIF                             00000003
SSPM0                             00000000
SSPM1                             00000001
SSPM2                             00000002
SSPM3                             00000003
SSPOV                             00000006
SSPSTAT                           00000094
STATUS                            00000003
STK00                             00000000
STK01                             00000000
STK02                             00000000
STK03                             00000000
STK04                             00000000
STK05                             00000000
STK06                             00000000
STK07                             00000000
STK08                             00000000
STK09                             00000000
STK10                             00000000
STK11                             00000000
STK12                             00000000
SYNC                              00000004
T0CS                              00000005
T0IE                              00000005
T0IF                              00000002
T0SE                              00000004
T1CKPS0                           00000004
T1CKPS1                           00000005
T1CON                             00000010
T1INSYNC                          00000002
T1OSCEN                           00000003
T1SYNC                            00000002
T2CKPS0                           00000000
T2CKPS1                           00000001
T2CON                             00000012
TMR0                              00000001
TMR0IE                            00000005
TMR0IF                            00000002
TMR1                              0000000E
TMR1CS                            00000001
TMR1H                             0000000F
TMR1IE                            00000000
TMR1IF                            00000000
TMR1L                             0000000E
TMR1ON                            00000000
TMR2                              00000011
TMR2IE                            00000001
TMR2IF                            00000001
TMR2ON                            00000002
gpasm-1.4.0 #1106 (Oct  6 2014) obj\Debug\OS.   10-29-2019  15:21:40        PAGE 19


SYMBOL TABLE
  LABEL                             VALUE 

TOUTPS0                           00000003
TOUTPS1                           00000004
TOUTPS2                           00000005
TOUTPS3                           00000006
TRISA                             00000085
TRISA0                            00000000
TRISA1                            00000001
TRISA2                            00000002
TRISA3                            00000003
TRISA4                            00000004
TRISA5                            00000005
TRISB                             00000086
TRISB0                            00000000
TRISB1                            00000001
TRISB2                            00000002
TRISB3                            00000003
TRISB4                            00000004
TRISB5                            00000005
TRISB6                            00000006
TRISB7                            00000007
TRISC                             00000087
TRISC0                            00000000
TRISC1                            00000001
TRISC2                            00000002
TRISC3                            00000003
TRISC4                            00000004
TRISC5                            00000005
TRISC6                            00000006
TRISC7                            00000007
TRISD                             00000088
TRISD0                            00000000
TRISD1                            00000001
TRISD2                            00000002
TRISD3                            00000003
TRISD4                            00000004
TRISD5                            00000005
TRISD6                            00000006
TRISD7                            00000007
TRISE                             00000089
TRISE0                            00000000
TRISE1                            00000001
TRISE2                            00000002
TRMT                              00000001
TX8_9                             00000006
TX9                               00000006
TX9D                              00000000
TXD8                              00000000
TXEN                              00000005
TXIE                              00000004
TXIF                              00000004
TXREG                             00000019
TXSTA                             00000098
UA                                00000001
gpasm-1.4.0 #1106 (Oct  6 2014) obj\Debug\OS.   10-29-2019  15:21:40        PAGE 20


SYMBOL TABLE
  LABEL                             VALUE 

W                                 00000000
WCOL                              00000007
WR                                00000001
WREN                              00000002
WRERR                             00000003
WSAVE                             00000000
Z                                 00000002
_00116_DS_                        0000002A
_00118_DS_                        00000035
_ADCON0                           00000000
_ADCON0bits                       00000000
_ADCON1                           00000000
_ADCON1bits                       00000000
_ADRESH                           00000000
_ADRESL                           00000000
_BODEN_OFF                        00003FBF
_BODEN_ON                         00003FFF
_BOREN_OFF                        00003FBF
_BOREN_ON                         00003FFF
_Blinker_Light_Init               00000000
_Blinker_Light_Update             00000000
_CCP1CON                          00000000
_CCP1CONbits                      00000000
_CCP2CON                          00000000
_CCP2CONbits                      00000000
_CCPR1                            00000000
_CCPR1H                           00000000
_CCPR1L                           00000000
_CCPR2                            00000000
_CCPR2H                           00000000
_CCPR2L                           00000000
_CMCON                            00000000
_CMCONbits                        00000000
_CONFIG                           00002007
_CPD_OFF                          00003FFF
_CPD_ON                           00003EFF
_CP_ALL                           00001FFF
_CP_OFF                           00003FFF
_CP_ON                            00001FFF
_CVRCON                           00000000
_CVRCONbits                       00000000
_DEBUG_OFF                        00003FFF
_DEBUG_ON                         000037FF
_DEVID1                           00002006
_DRL_Init                         00000000
_DRL_Update                       00000000
_EEADR                            00000000
_EEADRH                           00000000
_EECON1                           00000000
_EECON1bits                       00000000
_EECON2                           00000000
_EEDATA                           00000000
_EEDATH                           00000000
gpasm-1.4.0 #1106 (Oct  6 2014) obj\Debug\OS.   10-29-2019  15:21:40        PAGE 21


SYMBOL TABLE
  LABEL                             VALUE 

_FOSC_EXTRC                       00003FFF
_FOSC_HS                          00003FFE
_FOSC_LP                          00003FFC
_FOSC_XT                          00003FFD
_FSR                              00000000
_FrontLight_Get_Status            00000000
_FrontLight_Init                  00000000
_FrontLight_Update                00000000
_HS_OSC                           00003FFE
_IDLOC0                           00002000
_IDLOC1                           00002001
_IDLOC2                           00002002
_IDLOC3                           00002003
_INDF                             00000000
_INTCON                           00000000
_INTCONbits                       00000000
_LP_OSC                           00003FFC
_LVP_OFF                          00003F7F
_LVP_ON                           00003FFF
_OPTION_REG                       00000000
_OPTION_REGbits                   00000000
_OS_Init                          0000000B
_OS_Start                         00000000
_OS_Update                        00000004
_PCL                              00000000
_PCLATH                           00000000
_PCON                             00000000
_PCONbits                         00000000
_PIE1                             00000000
_PIE1bits                         00000000
_PIE2                             00000000
_PIE2bits                         00000000
_PIR1                             00000000
_PIR1bits                         00000000
_PIR2                             00000000
_PIR2bits                         00000000
_PORTA                            00000000
_PORTAbits                        00000000
_PORTB                            00000000
_PORTBbits                        00000000
_PORTC                            00000000
_PORTCbits                        00000000
_PORTD                            00000000
_PORTDbits                        00000000
_PORTE                            00000000
_PORTEbits                        00000000
_PR2                              00000000
_PWRTE_OFF                        00003FFF
_PWRTE_ON                         00003FF7
_RCREG                            00000000
_RCSTA                            00000000
_RCSTAbits                        00000000
_RC_OSC                           00003FFF
gpasm-1.4.0 #1106 (Oct  6 2014) obj\Debug\OS.   10-29-2019  15:21:40        PAGE 22


SYMBOL TABLE
  LABEL                             VALUE 

_SPBRG                            00000000
_SSPADD                           00000000
_SSPBUF                           00000000
_SSPCON                           00000000
_SSPCON2                          00000000
_SSPCON2bits                      00000000
_SSPCONbits                       00000000
_SSPSTAT                          00000000
_SSPSTATbits                      00000000
_STATUS                           00000000
_STATUSbits                       00000000
_T1CON                            00000000
_T1CONbits                        00000000
_T2CON                            00000000
_T2CONbits                        00000000
_TMR0                             00000000
_TMR1                             00000000
_TMR1H                            00000000
_TMR1L                            00000000
_TMR2                             00000000
_TRISA                            00000000
_TRISAbits                        00000000
_TRISB                            00000000
_TRISBbits                        00000000
_TRISC                            00000000
_TRISCbits                        00000000
_TRISD                            00000000
_TRISDbits                        00000000
_TRISE                            00000000
_TRISEbits                        00000000
_TXREG                            00000000
_TXSTA                            00000000
_TXSTAbits                        00000000
_WDTE_OFF                         00003FFB
_WDTE_ON                          00003FFF
_WDT_OFF                          00003FFB
_WDT_ON                           00003FFF
_WRT_1FOURTH                      00003BFF
_WRT_256                          00003DFF
_WRT_HALF                         000039FF
_WRT_OFF                          00003FFF
_XT_OSC                           00003FFD
__16F877A                         00000001
__CODE_END                        00001FFF
__CODE_START                      00000000
__COMMON_RAM_END                  0000007F
__COMMON_RAM_START                00000070
__EEPROM_END                      000021FF
__EEPROM_START                    00002100
__VECTOR_INT                      00000004
__VECTOR_RESET                    00000000
___sdcc_saved_fsr                 00000000
__sdcc_interrupt                  00000004
gpasm-1.4.0 #1106 (Oct  6 2014) obj\Debug\OS.   10-29-2019  15:21:40        PAGE 23


SYMBOL TABLE
  LABEL                             VALUE 

_c_interrupt_001D                 0000001D
_c_interrupt_0022                 00000022
_c_interrupt_0027                 00000027
_c_interrupt_0033                 00000033
_lock                             00000000
_welcome_Light_Init               00000000
_welcome_Light_Update             00000000
_welcome_Pattern_Update           00000000

Errors   :     0
Warnings :     0 reported,     0 suppressed
Messages :     0 reported,     0 suppressed

