gpasm-1.4.0 #1106 (Oct  6 2014) obj\Debug\SW.   10-29-2019  15:21:40        PAGE  1


LOC    OBJECT CODE    LINE  SOURCE TEXT
  VALUE

                      00001 ;--------------------------------------------------------
                      00002 ; File Created by SDCC : free open source ANSI-C Compiler
                      00003 ; Version 3.5.0 #9253 (Jun 20 2015) (MINGW32)
                      00004 ; This file was generated Tue Oct 29 15:21:40 2019
                      00005 ;--------------------------------------------------------
                      00006 ; PIC port for the 14-bit core
                      00007 ;--------------------------------------------------------
                      00008         .file   "SW.c"
                      00009         list    p=16f877a
                      00010         radix dec
                      00011         include "p16f877a.inc"
                      00001         LIST
                      00002 
                      00003 ;==========================================================================
                      00004 ; Build date : Aug 07 2014
                      00005 ;  MPASM PIC16F877A processor include
                      00006 ; 
                      00007 ;  (c) Copyright 1999-2014 Microchip Technology, All rights reserved
                      00008 ;==========================================================================
                      00009 
                      00567         LIST
                      00012 ;--------------------------------------------------------
                      00013 ; external declarations
                      00014 ;--------------------------------------------------------
  0000                00015         extern  _OS_Init
  0000                00016         extern  _OS_Start
  0000                00017         extern  _OS_Update
  0000                00018         extern  _STATUSbits
  0000                00019         extern  _PORTAbits
  0000                00020         extern  _PORTBbits
  0000                00021         extern  _PORTCbits
  0000                00022         extern  _PORTDbits
  0000                00023         extern  _PORTEbits
  0000                00024         extern  _INTCONbits
  0000                00025         extern  _PIR1bits
  0000                00026         extern  _PIR2bits
  0000                00027         extern  _T1CONbits
  0000                00028         extern  _T2CONbits
  0000                00029         extern  _SSPCONbits
  0000                00030         extern  _CCP1CONbits
  0000                00031         extern  _RCSTAbits
  0000                00032         extern  _CCP2CONbits
  0000                00033         extern  _ADCON0bits
  0000                00034         extern  _OPTION_REGbits
  0000                00035         extern  _TRISAbits
  0000                00036         extern  _TRISBbits
  0000                00037         extern  _TRISCbits
  0000                00038         extern  _TRISDbits
  0000                00039         extern  _TRISEbits
  0000                00040         extern  _PIE1bits
  0000                00041         extern  _PIE2bits
  0000                00042         extern  _PCONbits
  0000                00043         extern  _SSPCON2bits
gpasm-1.4.0 #1106 (Oct  6 2014) obj\Debug\SW.   10-29-2019  15:21:40        PAGE  2


LOC    OBJECT CODE    LINE  SOURCE TEXT
  VALUE

  0000                00044         extern  _SSPSTATbits
  0000                00045         extern  _TXSTAbits
  0000                00046         extern  _CMCONbits
  0000                00047         extern  _CVRCONbits
  0000                00048         extern  _ADCON1bits
  0000                00049         extern  _EECON1bits
  0000                00050         extern  _INDF
  0000                00051         extern  _TMR0
  0000                00052         extern  _PCL
  0000                00053         extern  _STATUS
  0000                00054         extern  _FSR
  0000                00055         extern  _PORTA
  0000                00056         extern  _PORTB
  0000                00057         extern  _PORTC
  0000                00058         extern  _PORTD
  0000                00059         extern  _PORTE
  0000                00060         extern  _PCLATH
  0000                00061         extern  _INTCON
  0000                00062         extern  _PIR1
  0000                00063         extern  _PIR2
  0000                00064         extern  _TMR1
  0000                00065         extern  _TMR1L
  0000                00066         extern  _TMR1H
  0000                00067         extern  _T1CON
  0000                00068         extern  _TMR2
  0000                00069         extern  _T2CON
  0000                00070         extern  _SSPBUF
  0000                00071         extern  _SSPCON
  0000                00072         extern  _CCPR1
  0000                00073         extern  _CCPR1L
  0000                00074         extern  _CCPR1H
  0000                00075         extern  _CCP1CON
  0000                00076         extern  _RCSTA
  0000                00077         extern  _TXREG
  0000                00078         extern  _RCREG
  0000                00079         extern  _CCPR2
  0000                00080         extern  _CCPR2L
  0000                00081         extern  _CCPR2H
  0000                00082         extern  _CCP2CON
  0000                00083         extern  _ADRESH
  0000                00084         extern  _ADCON0
  0000                00085         extern  _OPTION_REG
  0000                00086         extern  _TRISA
  0000                00087         extern  _TRISB
  0000                00088         extern  _TRISC
  0000                00089         extern  _TRISD
  0000                00090         extern  _TRISE
  0000                00091         extern  _PIE1
  0000                00092         extern  _PIE2
  0000                00093         extern  _PCON
  0000                00094         extern  _SSPCON2
  0000                00095         extern  _PR2
  0000                00096         extern  _SSPADD
gpasm-1.4.0 #1106 (Oct  6 2014) obj\Debug\SW.   10-29-2019  15:21:40        PAGE  3


LOC    OBJECT CODE    LINE  SOURCE TEXT
  VALUE

  0000                00097         extern  _SSPSTAT
  0000                00098         extern  _TXSTA
  0000                00099         extern  _SPBRG
  0000                00100         extern  _CMCON
  0000                00101         extern  _CVRCON
  0000                00102         extern  _ADRESL
  0000                00103         extern  _ADCON1
  0000                00104         extern  _EEDATA
  0000                00105         extern  _EEADR
  0000                00106         extern  _EEDATH
  0000                00107         extern  _EEADRH
  0000                00108         extern  _EECON1
  0000                00109         extern  _EECON2
  0000                00110         extern  __gptrput1
                      00111 
  0000                00112         extern PSAVE
  0000                00113         extern SSAVE
  0000                00114         extern WSAVE
  0000                00115         extern STK12
  0000                00116         extern STK11
  0000                00117         extern STK10
  0000                00118         extern STK09
  0000                00119         extern STK08
  0000                00120         extern STK07
  0000                00121         extern STK06
  0000                00122         extern STK05
  0000                00123         extern STK04
  0000                00124         extern STK03
  0000                00125         extern STK02
  0000                00126         extern STK01
  0000                00127         extern STK00
                      00128 ;--------------------------------------------------------
                      00129 ; global declarations
                      00130 ;--------------------------------------------------------
  0000                00131         global  _get_SW_State
  0000                00132         global  _SW_Update
  0000                00133         global  _SW_Init
                      00134 
                      00135 ;--------------------------------------------------------
                      00136 ; global definitions
                      00137 ;--------------------------------------------------------
                      00138 ;--------------------------------------------------------
                      00139 ; absolute symbol definitions
                      00140 ;--------------------------------------------------------
                      00141 ;--------------------------------------------------------
                      00142 ; compiler-defined variables
                      00143 ;--------------------------------------------------------
                      00144 UDL_SW_0        udata
0000                  00145 r0x1009 res     1
0001                  00146 r0x1008 res     1
0002                  00147 r0x1007 res     1
0003                  00148 r0x1006 res     1
0004                  00149 r0x1005 res     1
gpasm-1.4.0 #1106 (Oct  6 2014) obj\Debug\SW.   10-29-2019  15:21:40        PAGE  4


LOC    OBJECT CODE    LINE  SOURCE TEXT
  VALUE

0005                  00150 _SW_Update_current_Time_1_10    res     1
                      00151 ;--------------------------------------------------------
                      00152 ; initialized data
                      00153 ;--------------------------------------------------------
                      00154 
                      00155 ID_SW_0 idata
0000                  00156 _sw_state
0000   00             00157         db      0x00
                      00158 
                      00159 
                      00160 ID_SW_1 idata
0000                  00161 _sw_output
0000   00             00162         db      0x00
                      00163 
                      00164 
                      00165 ID_SW_2 idata
0000                  00166 _currentSample
0000   01             00167         db      0x01
                      00168 
                      00169 
                      00170 ID_SW_3 idata
0000                  00171 _previousSample
0000   01             00172         db      0x01
                      00173 
                      00174 ;--------------------------------------------------------
                      00175 ; overlayable items in internal ram 
                      00176 ;--------------------------------------------------------
                      00177 ;       udata_ovr
                      00178 ;--------------------------------------------------------
                      00179 ; code
                      00180 ;--------------------------------------------------------
                      00181 code_SW code
                      00182 ;***
                      00183 ;  pBlock Stats: dbName = C
                      00184 ;***
                      00185 ;entry:  _get_SW_State  ;Function start
                      00186 ; 2 exit points
                      00187 ;has an exit
                      00188 ;functions called:
                      00189 ;   __gptrput1
                      00190 ;   __gptrput1
                      00191 ;6 compiler assigned registers:
                      00192 ;   r0x1005
                      00193 ;   STK00
                      00194 ;   r0x1006
                      00195 ;   STK01
                      00196 ;   r0x1007
                      00197 ;   STK02
                      00198 ;; Starting pCode block
                      00199 ;;; /home/sdcc-builder/build/sdcc-build/orig/sdcc/src/pic14/gen.c:2316:resultRemat *{*
                      00200 ;;; /home/sdcc-builder/build/sdcc-build/orig/sdcc/src/pic14/gen.c:2760:genLabel *{*
                      00201 ;; ***  genLabel  2763
                      00202 ;;; /home/sdcc-builder/build/sdcc-build/orig/sdcc/src/pic14/gen.c:2316:resultRemat *{*
gpasm-1.4.0 #1106 (Oct  6 2014) obj\Debug\SW.   10-29-2019  15:21:40        PAGE  5


LOC    OBJECT CODE    LINE  SOURCE TEXT
  VALUE

                      00203 ;;; /home/sdcc-builder/build/sdcc-build/orig/sdcc/src/pic14/gen.c:2340:genFunction *{*
                      00204 ;; ***  genFunction  2342 curr label offset=8previous max_key=48 
0000                  00205 _get_SW_State   ;Function start
                      00206 ; 2 exit points
                      00207 ;;; /home/sdcc-builder/build/sdcc-build/orig/sdcc/src/pic14/gen.c:2316:resultRemat *{*
                      00208 ;;; /home/sdcc-builder/build/sdcc-build/orig/sdcc/src/pic14/gen.c:7358:genReceive *{*
                      00209 ;; ***  genReceive  7359
                      00210 ;;      694 register type nRegs=3
                      00211 ;;; /home/sdcc-builder/build/sdcc-build/orig/sdcc/src/pic14/gen.c:1907:assignResultValue *{*
                      00212 ;; ***  assignResultValue  1909
                      00213 ;;      line = 1911 result -=-, size=0, left AOP_REG=r0x1050, size=3, right -=-, size=0
                      00214 ;; >>> /home/sdcc-builder/build/sdcc-build/orig/sdcc/src/pic14/gen.c:1393:movwf
                      00215 ;;      1109 rIdx = r0x1052 
                      00216         .line   50; "SW.c"      void get_SW_State(SW_Output* sw){
0000   ???? ????      00217         BANKSEL r0x1005
0002   00??           00218         MOVWF   r0x1005
                      00219 ;; >>> /home/sdcc-builder/build/sdcc-build/orig/sdcc/src/pic14/gen.c:1423:get_returnvalue
                      00220 ;; ***  popRegFromIdx,1042  , rIdx=0x7f
0003   08??           00221         MOVF    STK00,W
                      00222 ;; >>> /home/sdcc-builder/build/sdcc-build/orig/sdcc/src/pic14/gen.c:1393:movwf
                      00223 ;;      1109 rIdx = r0x1051 
0004   00??           00224         MOVWF   r0x1006
                      00225 ;; >>> /home/sdcc-builder/build/sdcc-build/orig/sdcc/src/pic14/gen.c:1423:get_returnvalue
                      00226 ;; ***  popRegFromIdx,1042  , rIdx=0x7e
0005   08??           00227         MOVF    STK01,W
                      00228 ;; >>> /home/sdcc-builder/build/sdcc-build/orig/sdcc/src/pic14/gen.c:1393:movwf
                      00229 ;;      1109 rIdx = r0x1050 
0006   00??           00230         MOVWF   r0x1007
                      00231 ;;; /home/sdcc-builder/build/sdcc-build/orig/sdcc/src/pic14/gen.c:2316:resultRemat *{*
                      00232 ;;; /home/sdcc-builder/build/sdcc-build/orig/sdcc/src/pic14/gen.c:6686:genPointerSet *{*
                      00233 ;; ***  genPointerSet  6687
                      00234 ;;; /home/sdcc-builder/build/sdcc-build/orig/sdcc/src/pic14/gen.c:6618:genGenPointerSet *{*
                      00235 ;; ***  genGenPointerSet  6619
                      00236 ;; ***  aopForSym 315
                      00237 ;;      327 sym->rname = _sw_output, size = 1
                      00238 ;;      694 register type nRegs=3
                      00239 ;;      line = 6624 result AOP_REG=r0x1050, size=3, left AOP_DIR=_sw_output, size=1, right -=-, size=0
                      00240 ;;; /home/sdcc-builder/build/sdcc-build/orig/sdcc/src/pic14/gen.c:1343:mov2w_op *{*
                      00241 ;; ***  mov2w  1381  offset=0
                      00242 ;; >>> /home/sdcc-builder/build/sdcc-build/orig/sdcc/src/pic14/gen.c:1386:mov2w
                      00243 ;;      1009
                      00244 ;;      1028  _sw_output   offset=0
                      00245         .line   51; "SW.c"      *sw = sw_output;
0007   ???? ????      00246         BANKSEL _sw_output
0009   08??           00247         MOVF    _sw_output,W
                      00248 ;; >>> /home/sdcc-builder/build/sdcc-build/orig/sdcc/src/pic14/gen.c:6658:genGenPointerSet
                      00249 ;; ***  popRegFromIdx,1042  , rIdx=0x7d
000A   00??           00250         MOVWF   STK02
                      00251 ;; ***  mov2w  1381  offset=0
                      00252 ;; >>> /home/sdcc-builder/build/sdcc-build/orig/sdcc/src/pic14/gen.c:1386:mov2w
                      00253 ;;      1109 rIdx = r0x1050 
000B   ???? ????      00254         BANKSEL r0x1007
000D   08??           00255         MOVF    r0x1007,W
gpasm-1.4.0 #1106 (Oct  6 2014) obj\Debug\SW.   10-29-2019  15:21:40        PAGE  6


LOC    OBJECT CODE    LINE  SOURCE TEXT
  VALUE

                      00256 ;; >>> /home/sdcc-builder/build/sdcc-build/orig/sdcc/src/pic14/gen.c:6665:genGenPointerSet
                      00257 ;; ***  popRegFromIdx,1042  , rIdx=0x7e
000E   00??           00258         MOVWF   STK01
                      00259 ;; ***  mov2w  1381  offset=1
                      00260 ;; >>> /home/sdcc-builder/build/sdcc-build/orig/sdcc/src/pic14/gen.c:1386:mov2w
                      00261 ;;      1109 rIdx = r0x1051 
000F   08??           00262         MOVF    r0x1006,W
                      00263 ;; >>> /home/sdcc-builder/build/sdcc-build/orig/sdcc/src/pic14/gen.c:6667:genGenPointerSet
                      00264 ;; ***  popRegFromIdx,1042  , rIdx=0x7f
0010   00??           00265         MOVWF   STK00
                      00266 ;; ***  mov2w  1381  offset=2
                      00267 ;; >>> /home/sdcc-builder/build/sdcc-build/orig/sdcc/src/pic14/gen.c:1386:mov2w
                      00268 ;;      1109 rIdx = r0x1052 
0011   08??           00269         MOVF    r0x1005,W
                      00270 ;; >>> /home/sdcc-builder/build/sdcc-build/orig/sdcc/src/pic14/gen.c:1433:call_libraryfunc
0012   ???? ????      00271         PAGESEL __gptrput1
                      00272 ;; >>> /home/sdcc-builder/build/sdcc-build/orig/sdcc/src/pic14/gen.c:1435:call_libraryfunc
0014   2???           00273         CALL    __gptrput1
                      00274 ;; >>> /home/sdcc-builder/build/sdcc-build/orig/sdcc/src/pic14/gen.c:1437:call_libraryfunc
0015   ???? ????      00275         PAGESEL $
                      00276 ;;; /home/sdcc-builder/build/sdcc-build/orig/sdcc/src/pic14/gen.c:2316:resultRemat *{*
                      00277 ;;; /home/sdcc-builder/build/sdcc-build/orig/sdcc/src/pic14/gen.c:2760:genLabel *{*
                      00278 ;; ***  genLabel  2763
                      00279 ;;; /home/sdcc-builder/build/sdcc-build/orig/sdcc/src/pic14/gen.c:2316:resultRemat *{*
                      00280 ;;; /home/sdcc-builder/build/sdcc-build/orig/sdcc/src/pic14/gen.c:2528:genEndFunction *{*
                      00281 ;; ***  genEndFunction  2530
0017   0008           00282         RETURN  
                      00283 ; exit point of _get_SW_State
                      00284 
                      00285 ;***
                      00286 ;  pBlock Stats: dbName = C
                      00287 ;***
                      00288 ;entry:  _SW_Update     ;Function start
                      00289 ; 2 exit points
                      00290 ;has an exit
                      00291 ;1 compiler assigned register :
                      00292 ;   r0x1008
                      00293 ;; Starting pCode block
                      00294 ;;; /home/sdcc-builder/build/sdcc-build/orig/sdcc/src/pic14/gen.c:2316:resultRemat *{*
                      00295 ;;; /home/sdcc-builder/build/sdcc-build/orig/sdcc/src/pic14/gen.c:2760:genLabel *{*
                      00296 ;; ***  genLabel  2763
                      00297 ;;; /home/sdcc-builder/build/sdcc-build/orig/sdcc/src/pic14/gen.c:2316:resultRemat *{*
                      00298 ;;; /home/sdcc-builder/build/sdcc-build/orig/sdcc/src/pic14/gen.c:2340:genFunction *{*
                      00299 ;; ***  genFunction  2342 curr label offset=4previous max_key=0 
0018                  00300 _SW_Update      ;Function start
                      00301 ; 2 exit points
                      00302 ;;; /home/sdcc-builder/build/sdcc-build/orig/sdcc/src/pic14/gen.c:2316:resultRemat *{*
                      00303 ;; ***  genPlus  611
                      00304 ;;; /home/sdcc-builder/build/sdcc-build/orig/sdcc/src/pic14/genarith.c:612:genPlus *{*
                      00305 ;; ***  aopForSym 315
                      00306 ;;      327 sym->rname = _SW_Update_current_Time_1_10, size = 1
                      00307 ;;      575
                      00308 ;;      line = 618 result AOP_DIR=_SW_Update_current_Time_1_10, size=1, left AOP_DIR=_SW_Update_current_
gpasm-1.4.0 #1106 (Oct  6 2014) obj\Debug\SW.   10-29-2019  15:21:40        PAGE  7


LOC    OBJECT CODE    LINE  SOURCE TEXT
  VALUE

                            Time_1_10, size=1, right AOP_LIT=0x05, size=1
                      00309 ;;; /home/sdcc-builder/build/sdcc-build/orig/sdcc/src/pic14/genarith.c:142:genPlusIncr *{*
                      00310 ;; ***  genPlusIncr  144
                      00311 ;;      result AOP_DIR, left AOP_DIR, right AOP_LIT
                      00312 ;;      genPlusIncr  156
                      00313 ;;      adding lit to something. size 1
                      00314 ;;; /home/sdcc-builder/build/sdcc-build/orig/sdcc/src/pic14/genarith.c:269:genAddLit *{*
                      00315 ;; ***  genAddLit  270
                      00316 ;;; /home/sdcc-builder/build/sdcc-build/orig/sdcc/src/pic14/genarith.c:233:genAddLit2byte *{*
                      00317 ;; >>> /home/sdcc-builder/build/sdcc-build/orig/sdcc/src/pic14/genarith.c:245:genAddLit2byte
                      00318         .line   19; "SW.c"      current_Time += OS_TICK;
0018   3005           00319         MOVLW   0x05
                      00320 ;; >>> /home/sdcc-builder/build/sdcc-build/orig/sdcc/src/pic14/genarith.c:246:genAddLit2byte
                      00321 ;;      1009
                      00322 ;;      1028  _SW_Update_current_Time_1_10   offset=0
0019   ???? ????      00323         BANKSEL _SW_Update_current_Time_1_10
001B   07??           00324         ADDWF   _SW_Update_current_Time_1_10,F
                      00325 ;; ***  addSign  861
                      00326 ;;; /home/sdcc-builder/build/sdcc-build/orig/sdcc/src/pic14/genarith.c:862:addSign *{*
                      00327 ;;; /home/sdcc-builder/build/sdcc-build/orig/sdcc/src/pic14/gen.c:2316:resultRemat *{*
                      00328 ;;; /home/sdcc-builder/build/sdcc-build/orig/sdcc/src/pic14/gen.c:3583:genCmpLt *{*
                      00329 ;; ***  genCmpLt  3584
                      00330 ;; ***  aopForSym 315
                      00331 ;;      327 sym->rname = _SW_Update_current_Time_1_10, size = 1
                      00332 ;;; /home/sdcc-builder/build/sdcc-build/orig/sdcc/src/pic14/gen.c:3294:genCmp *{*
                      00333 ;;unsigned compare: left < lit(0x5=5), size=1
                      00334 ;; >>> /home/sdcc-builder/build/sdcc-build/orig/sdcc/src/pic14/gen.c:3265:pic14_mov2w_regOrLit
                      00335         .line   20; "SW.c"      if(current_Time < SW_PERIODE){
001C   3005           00336         MOVLW   0x05
                      00337 ;; >>> /home/sdcc-builder/build/sdcc-build/orig/sdcc/src/pic14/gen.c:3432:genCmp
                      00338 ;;      1009
                      00339 ;;      1028  _SW_Update_current_Time_1_10   offset=0
                      00340         .line   22; "SW.c"      return;
001D   02??           00341         SUBWF   _SW_Update_current_Time_1_10,W
                      00342         .line   25; "SW.c"      current_Time = 0;
001E   1C03           00343         BTFSS   STATUS,0
001F   2???           00344         GOTO    _00126_DS_
0020   01??           00345         CLRF    _SW_Update_current_Time_1_10
                      00346         .line   27; "SW.c"      currentSample = GPIO_ReadPortPin(GPIO_PORTB_DATA, GPIO_PIN_7);
0021   3080           00347         MOVLW   0x80
                      00348 ;; >>> /home/sdcc-builder/build/sdcc-build/orig/sdcc/src/pic14/gen.c:4191:genAnd
                      00349 ;;      1009
                      00350 ;;      1024  _PORTB   offset=0 - had to alloc by reg name
0022   ???? ????      00351         BANKSEL _PORTB
0024   05??           00352         ANDWF   _PORTB,W
                      00353 ;; >>> /home/sdcc-builder/build/sdcc-build/orig/sdcc/src/pic14/gen.c:4192:genAnd
                      00354 ;;      1109 rIdx = r0x104E 
0025   ???? ????      00355         BANKSEL r0x1008
0027   00??           00356         MOVWF   r0x1008
                      00357 ;;; /home/sdcc-builder/build/sdcc-build/orig/sdcc/src/pic14/gen.c:2316:resultRemat *{*
                      00358 ;;; /home/sdcc-builder/build/sdcc-build/orig/sdcc/src/pic14/gen.c:5418:genGenericShift *{*
                      00359 ;; ***  genGenericShift  5421
                      00360 ;;      694 register type nRegs=1
gpasm-1.4.0 #1106 (Oct  6 2014) obj\Debug\SW.   10-29-2019  15:21:40        PAGE  8


LOC    OBJECT CODE    LINE  SOURCE TEXT
  VALUE

                      00361 ;; ***  aopForSym 315
                      00362 ;;      327 sym->rname = _currentSample, size = 1
                      00363 ;; >>> /home/sdcc-builder/build/sdcc-build/orig/sdcc/src/pic14/gen.c:5329:shiftRight_Left2ResultLit
                      00364 ;;      1109 rIdx = r0x104E 
0028   0D??           00365         RLF     r0x1008,W
                      00366 ;; >>> /home/sdcc-builder/build/sdcc-build/orig/sdcc/src/pic14/gen.c:5335:shiftRight_Left2ResultLit
                      00367 ;;      1009
                      00368 ;;      1028  _currentSample   offset=0
0029   ???? ????      00369         BANKSEL _currentSample
002B   01??           00370         CLRF    _currentSample
                      00371 ;; >>> /home/sdcc-builder/build/sdcc-build/orig/sdcc/src/pic14/gen.c:5338:shiftRight_Left2ResultLit
                      00372 ;;      1009
                      00373 ;;      1028  _currentSample   offset=0
002C   0D??           00374         RLF     _currentSample,F
                      00375 ;; ***  addSign  861
                      00376 ;;; /home/sdcc-builder/build/sdcc-build/orig/sdcc/src/pic14/genarith.c:862:addSign *{*
                      00377 ;;; /home/sdcc-builder/build/sdcc-build/orig/sdcc/src/pic14/gen.c:2316:resultRemat *{*
                      00378 ;;; /home/sdcc-builder/build/sdcc-build/orig/sdcc/src/pic14/gen.c:3619:genCmpEq *{*
                      00379 ;; ***  genCmpEq  3620
                      00380 ;; ifx is null
                      00381 ;; ***  aopForSym 315
                      00382 ;;      327 sym->rname = _previousSample, size = 1
                      00383 ;;      694 register type nRegs=1
                      00384 ;;      line = 3631 result AOP_REG=r0x104E, size=1, left AOP_DIR=_previousSample, size=1, right AOP_LIT=
                            0x01, size=1
                      00385 ;; >>> /home/sdcc-builder/build/sdcc-build/orig/sdcc/src/pic14/gen.c:3657:genCmpEq
                      00386 ;;      1109 rIdx = r0x104E 
                      00387         .line   30; "SW.c"      if((previousSample == SW_DISACTIVE) && (currentSample == SW_DISACTIVE)){
002D   ???? ????      00388         BANKSEL r0x1008
002F   01??           00389         CLRF    r0x1008
                      00390 ;; ***  mov2w  1381  offset=0
                      00391 ;; >>> /home/sdcc-builder/build/sdcc-build/orig/sdcc/src/pic14/gen.c:1386:mov2w
                      00392 ;;      1009
                      00393 ;;      1028  _previousSample   offset=0
0030   ???? ????      00394         BANKSEL _previousSample
0032   08??           00395         MOVF    _previousSample,W
                      00396 ;; >>> /home/sdcc-builder/build/sdcc-build/orig/sdcc/src/pic14/gen.c:3685:genCmpEq
0033   3A01           00397         XORLW   0x01
0034   1D03           00398         BTFSS   STATUS,2
0035   2???           00399         GOTO    _00001_DS_
0036   ???? ????      00400         BANKSEL r0x1008
0038   0A??           00401         INCF    r0x1008,F
0039                  00402 _00001_DS_
0039   ???? ????      00403         BANKSEL r0x1008
003B   08??           00404         MOVF    r0x1008,W
003C   1903           00405         BTFSC   STATUS,2
                      00406 ;; >>> /home/sdcc-builder/build/sdcc-build/orig/sdcc/src/pic14/gen.c:6814:genIfx
                      00407 ;; ***  popGetLabel  key=15, label offset 8
003D   2???           00408         GOTO    _00123_DS_
                      00409 ;;; /home/sdcc-builder/build/sdcc-build/orig/sdcc/src/pic14/gen.c:2316:resultRemat *{*
                      00410 ;;; /home/sdcc-builder/build/sdcc-build/orig/sdcc/src/pic14/gen.c:3619:genCmpEq *{*
                      00411 ;; ***  genCmpEq  3620
                      00412 ;; ifx is non-null
gpasm-1.4.0 #1106 (Oct  6 2014) obj\Debug\SW.   10-29-2019  15:21:40        PAGE  9


LOC    OBJECT CODE    LINE  SOURCE TEXT
  VALUE

                      00413 ;;      575
                      00414 ;;      line = 3631 result AOP_CRY=0x00, size=0, left AOP_DIR=_currentSample, size=1, right AOP_LIT=0x01
                            , size=1
                      00415 ;; ***  mov2w  1381  offset=0
                      00416 ;; >>> /home/sdcc-builder/build/sdcc-build/orig/sdcc/src/pic14/gen.c:1386:mov2w
                      00417 ;;      1009
                      00418 ;;      1028  _currentSample   offset=0
003E   ???? ????      00419         BANKSEL _currentSample
0040   08??           00420         MOVF    _currentSample,W
                      00421 ;; >>> /home/sdcc-builder/build/sdcc-build/orig/sdcc/src/pic14/gen.c:3685:genCmpEq
0041   3A01           00422         XORLW   0x01
                      00423 ;; >>> /home/sdcc-builder/build/sdcc-build/orig/sdcc/src/pic14/gen.c:3687:genCmpEq
0042   1D03           00424         BTFSS   STATUS,2
                      00425 ;; >>> /home/sdcc-builder/build/sdcc-build/orig/sdcc/src/pic14/gen.c:3690:genCmpEq
                      00426 ;; ***  popGetLabel  key=15, label offset 8
0043   2???           00427         GOTO    _00123_DS_
                      00428 ;;; /home/sdcc-builder/build/sdcc-build/orig/sdcc/src/pic14/gen.c:2316:resultRemat *{*
                      00429 ;;; /home/sdcc-builder/build/sdcc-build/orig/sdcc/src/pic14/gen.c:2316:resultRemat *{*
                      00430 ;;; /home/sdcc-builder/build/sdcc-build/orig/sdcc/src/pic14/gen.c:6927:genAssign *{*
                      00431 ;; ***  genAssign  6928
                      00432 ;; ***  aopForSym 315
                      00433 ;;      327 sym->rname = _sw_state, size = 1
                      00434 ;;      line = 6937 result AOP_DIR=_sw_state, size=1, left -=-, size=0, right AOP_LIT=0x03, size=1
                      00435 ;; ***  genAssign  7023
                      00436 ;; >>> /home/sdcc-builder/build/sdcc-build/orig/sdcc/src/pic14/gen.c:7030:genAssign
                      00437         .line   31; "SW.c"      sw_state = released;
0044   3003           00438         MOVLW   0x03
                      00439 ;; >>> /home/sdcc-builder/build/sdcc-build/orig/sdcc/src/pic14/gen.c:7032:genAssign
                      00440 ;;      1009
                      00441 ;;      1028  _sw_state   offset=0
0045   ???? ????      00442         BANKSEL _sw_state
0047   00??           00443         MOVWF   _sw_state
                      00444 ;;; /home/sdcc-builder/build/sdcc-build/orig/sdcc/src/pic14/gen.c:2316:resultRemat *{*
                      00445 ;;; /home/sdcc-builder/build/sdcc-build/orig/sdcc/src/pic14/gen.c:6927:genAssign *{*
                      00446 ;; ***  genAssign  6928
                      00447 ;; ***  aopForSym 315
                      00448 ;;      327 sym->rname = _sw_output, size = 1
                      00449 ;;      line = 6937 result AOP_DIR=_sw_output, size=1, left -=-, size=0, right AOP_LIT=0x00, size=1
                      00450 ;; ***  genAssign  7023
                      00451 ;; >>> /home/sdcc-builder/build/sdcc-build/orig/sdcc/src/pic14/gen.c:7035:genAssign
                      00452 ;;      1009
                      00453 ;;      1028  _sw_output   offset=0
                      00454         .line   32; "SW.c"      sw_output = unpressed;
0048   ???? ????      00455         BANKSEL _sw_output
004A   01??           00456         CLRF    _sw_output
                      00457 ;;; /home/sdcc-builder/build/sdcc-build/orig/sdcc/src/pic14/gen.c:2316:resultRemat *{*
                      00458 ;;; /home/sdcc-builder/build/sdcc-build/orig/sdcc/src/pic14/gen.c:2778:genGoto *{*
                      00459 ;; >>> /home/sdcc-builder/build/sdcc-build/orig/sdcc/src/pic14/gen.c:2780:genGoto
                      00460 ;; ***  popGetLabel  key=16, label offset 8
004B   2???           00461         GOTO    _00124_DS_
                      00462 ;;; /home/sdcc-builder/build/sdcc-build/orig/sdcc/src/pic14/gen.c:2316:resultRemat *{*
                      00463 ;;; /home/sdcc-builder/build/sdcc-build/orig/sdcc/src/pic14/gen.c:2760:genLabel *{*
                      00464 ;; ***  genLabel  2763
gpasm-1.4.0 #1106 (Oct  6 2014) obj\Debug\SW.   10-29-2019  15:21:40        PAGE 10


LOC    OBJECT CODE    LINE  SOURCE TEXT
  VALUE

                      00465 ;;; /home/sdcc-builder/build/sdcc-build/orig/sdcc/src/pic14/gen.c:2316:resultRemat *{*
                      00466 ;;; /home/sdcc-builder/build/sdcc-build/orig/sdcc/src/pic14/gen.c:6759:genIfx *{*
                      00467 ;; ***  genIfx  6760
                      00468 ;;      694 register type nRegs=1
                      00469 ;; ***  pic14_toBoolean  1515
                      00470 ;; >>> /home/sdcc-builder/build/sdcc-build/orig/sdcc/src/pic14/gen.c:1522:pic14_toBoolean
004C                  00471 _00123_DS_
                      00472         .line   34; "SW.c"      else if((previousSample == SW_DISACTIVE) && (currentSample == SW_ACTIVE)
                            ){
004C   3000           00473         MOVLW   0x00
                      00474 ;; >>> /home/sdcc-builder/build/sdcc-build/orig/sdcc/src/pic14/gen.c:1533:pic14_toBoolean
                      00475 ;;      1109 rIdx = r0x104E 
004D   ???? ????      00476         BANKSEL r0x1008
004F   04??           00477         IORWF   r0x1008,W
                      00478 ;; >>> /home/sdcc-builder/build/sdcc-build/orig/sdcc/src/pic14/gen.c:6813:genIfx
0050   1903           00479         BTFSC   STATUS,2
                      00480 ;; >>> /home/sdcc-builder/build/sdcc-build/orig/sdcc/src/pic14/gen.c:6814:genIfx
                      00481 ;; ***  popGetLabel  key=11, label offset 8
0051   2???           00482         GOTO    _00119_DS_
                      00483 ;;; /home/sdcc-builder/build/sdcc-build/orig/sdcc/src/pic14/gen.c:2316:resultRemat *{*
                      00484 ;;; /home/sdcc-builder/build/sdcc-build/orig/sdcc/src/pic14/gen.c:6759:genIfx *{*
                      00485 ;; ***  genIfx  6760
                      00486 ;; ***  aopForSym 315
                      00487 ;;      327 sym->rname = _currentSample, size = 1
                      00488 ;; ***  pic14_toBoolean  1515
                      00489 ;; >>> /home/sdcc-builder/build/sdcc-build/orig/sdcc/src/pic14/gen.c:1522:pic14_toBoolean
0052   ???? ????      00490         BANKSEL _currentSample
0054   08??           00491         MOVF    _currentSample,W
0055   1D03           00492         BTFSS   STATUS,2
                      00493 ;; >>> /home/sdcc-builder/build/sdcc-build/orig/sdcc/src/pic14/gen.c:6809:genIfx
                      00494 ;; ***  popGetLabel  key=11, label offset 8
0056   2???           00495         GOTO    _00119_DS_
                      00496 ;;; /home/sdcc-builder/build/sdcc-build/orig/sdcc/src/pic14/gen.c:2316:resultRemat *{*
                      00497 ;;; /home/sdcc-builder/build/sdcc-build/orig/sdcc/src/pic14/gen.c:6927:genAssign *{*
                      00498 ;; ***  genAssign  6928
                      00499 ;; ***  aopForSym 315
                      00500 ;;      327 sym->rname = _sw_state, size = 1
                      00501 ;;      line = 6937 result AOP_DIR=_sw_state, size=1, left -=-, size=0, right AOP_LIT=0x00, size=1
                      00502 ;; ***  genAssign  7023
                      00503 ;; >>> /home/sdcc-builder/build/sdcc-build/orig/sdcc/src/pic14/gen.c:7035:genAssign
                      00504 ;;      1009
                      00505 ;;      1028  _sw_state   offset=0
                      00506         .line   35; "SW.c"      sw_state = pre_pressed;
0057   ???? ????      00507         BANKSEL _sw_state
0059   01??           00508         CLRF    _sw_state
                      00509 ;;; /home/sdcc-builder/build/sdcc-build/orig/sdcc/src/pic14/gen.c:2316:resultRemat *{*
                      00510 ;;; /home/sdcc-builder/build/sdcc-build/orig/sdcc/src/pic14/gen.c:6927:genAssign *{*
                      00511 ;; ***  genAssign  6928
                      00512 ;; ***  aopForSym 315
                      00513 ;;      327 sym->rname = _sw_output, size = 1
                      00514 ;;      line = 6937 result AOP_DIR=_sw_output, size=1, left -=-, size=0, right AOP_LIT=0x00, size=1
                      00515 ;; ***  genAssign  7023
                      00516 ;; >>> /home/sdcc-builder/build/sdcc-build/orig/sdcc/src/pic14/gen.c:7035:genAssign
gpasm-1.4.0 #1106 (Oct  6 2014) obj\Debug\SW.   10-29-2019  15:21:40        PAGE 11


LOC    OBJECT CODE    LINE  SOURCE TEXT
  VALUE

                      00517 ;;      1009
                      00518 ;;      1028  _sw_output   offset=0
                      00519         .line   36; "SW.c"      sw_output = unpressed;
005A   ???? ????      00520         BANKSEL _sw_output
005C   01??           00521         CLRF    _sw_output
                      00522 ;;; /home/sdcc-builder/build/sdcc-build/orig/sdcc/src/pic14/gen.c:2316:resultRemat *{*
                      00523 ;;; /home/sdcc-builder/build/sdcc-build/orig/sdcc/src/pic14/gen.c:2778:genGoto *{*
                      00524 ;; >>> /home/sdcc-builder/build/sdcc-build/orig/sdcc/src/pic14/gen.c:2780:genGoto
                      00525 ;; ***  popGetLabel  key=16, label offset 8
005D   2???           00526         GOTO    _00124_DS_
                      00527 ;;; /home/sdcc-builder/build/sdcc-build/orig/sdcc/src/pic14/gen.c:2316:resultRemat *{*
                      00528 ;;; /home/sdcc-builder/build/sdcc-build/orig/sdcc/src/pic14/gen.c:2760:genLabel *{*
                      00529 ;; ***  genLabel  2763
                      00530 ;;; /home/sdcc-builder/build/sdcc-build/orig/sdcc/src/pic14/gen.c:2316:resultRemat *{*
                      00531 ;;; /home/sdcc-builder/build/sdcc-build/orig/sdcc/src/pic14/gen.c:6759:genIfx *{*
                      00532 ;; ***  genIfx  6760
                      00533 ;; ***  aopForSym 315
                      00534 ;;      327 sym->rname = _previousSample, size = 1
                      00535 ;; ***  pic14_toBoolean  1515
                      00536 ;; >>> /home/sdcc-builder/build/sdcc-build/orig/sdcc/src/pic14/gen.c:1522:pic14_toBoolean
005E                  00537 _00119_DS_
                      00538         .line   38; "SW.c"      else if((previousSample == SW_ACTIVE) && (currentSample == SW_ACTIVE)){
005E   3000           00539         MOVLW   0x00
                      00540 ;; >>> /home/sdcc-builder/build/sdcc-build/orig/sdcc/src/pic14/gen.c:1533:pic14_toBoolean
                      00541 ;;      1009
                      00542 ;;      1028  _previousSample   offset=0
005F   ???? ????      00543         BANKSEL _previousSample
0061   04??           00544         IORWF   _previousSample,W
                      00545 ;; >>> /home/sdcc-builder/build/sdcc-build/orig/sdcc/src/pic14/gen.c:6808:genIfx
0062   1D03           00546         BTFSS   STATUS,2
                      00547 ;; >>> /home/sdcc-builder/build/sdcc-build/orig/sdcc/src/pic14/gen.c:6809:genIfx
                      00548 ;; ***  popGetLabel  key=7, label offset 8
0063   2???           00549         GOTO    _00115_DS_
                      00550 ;;; /home/sdcc-builder/build/sdcc-build/orig/sdcc/src/pic14/gen.c:2316:resultRemat *{*
                      00551 ;;; /home/sdcc-builder/build/sdcc-build/orig/sdcc/src/pic14/gen.c:6759:genIfx *{*
                      00552 ;; ***  genIfx  6760
                      00553 ;; ***  aopForSym 315
                      00554 ;;      327 sym->rname = _currentSample, size = 1
                      00555 ;; ***  pic14_toBoolean  1515
                      00556 ;; >>> /home/sdcc-builder/build/sdcc-build/orig/sdcc/src/pic14/gen.c:1522:pic14_toBoolean
0064   ???? ????      00557         BANKSEL _currentSample
0066   08??           00558         MOVF    _currentSample,W
0067   1D03           00559         BTFSS   STATUS,2
                      00560 ;; >>> /home/sdcc-builder/build/sdcc-build/orig/sdcc/src/pic14/gen.c:6809:genIfx
                      00561 ;; ***  popGetLabel  key=7, label offset 8
0068   2???           00562         GOTO    _00115_DS_
                      00563 ;;; /home/sdcc-builder/build/sdcc-build/orig/sdcc/src/pic14/gen.c:2316:resultRemat *{*
                      00564 ;;; /home/sdcc-builder/build/sdcc-build/orig/sdcc/src/pic14/gen.c:6927:genAssign *{*
                      00565 ;; ***  genAssign  6928
                      00566 ;; ***  aopForSym 315
                      00567 ;;      327 sym->rname = _sw_state, size = 1
                      00568 ;;      line = 6937 result AOP_DIR=_sw_state, size=1, left -=-, size=0, right AOP_LIT=0x01, size=1
                      00569 ;; ***  genAssign  7023
gpasm-1.4.0 #1106 (Oct  6 2014) obj\Debug\SW.   10-29-2019  15:21:40        PAGE 12


LOC    OBJECT CODE    LINE  SOURCE TEXT
  VALUE

                      00570 ;; >>> /home/sdcc-builder/build/sdcc-build/orig/sdcc/src/pic14/gen.c:7030:genAssign
                      00571         .line   39; "SW.c"      sw_state = pressed;
0069   3001           00572         MOVLW   0x01
                      00573         .line   40; "SW.c"      sw_output = O_Pressed;
006A   ???? ????      00574         BANKSEL _sw_state
006C   00??           00575         MOVWF   _sw_state
006D   ???? ????      00576         BANKSEL _sw_output
006F   00??           00577         MOVWF   _sw_output
                      00578 ;;; /home/sdcc-builder/build/sdcc-build/orig/sdcc/src/pic14/gen.c:2316:resultRemat *{*
                      00579 ;;; /home/sdcc-builder/build/sdcc-build/orig/sdcc/src/pic14/gen.c:2778:genGoto *{*
                      00580 ;; >>> /home/sdcc-builder/build/sdcc-build/orig/sdcc/src/pic14/gen.c:2780:genGoto
                      00581 ;; ***  popGetLabel  key=16, label offset 8
0070   2???           00582         GOTO    _00124_DS_
                      00583 ;;; /home/sdcc-builder/build/sdcc-build/orig/sdcc/src/pic14/gen.c:2316:resultRemat *{*
                      00584 ;;; /home/sdcc-builder/build/sdcc-build/orig/sdcc/src/pic14/gen.c:2760:genLabel *{*
                      00585 ;; ***  genLabel  2763
                      00586 ;;; /home/sdcc-builder/build/sdcc-build/orig/sdcc/src/pic14/gen.c:2316:resultRemat *{*
                      00587 ;;; /home/sdcc-builder/build/sdcc-build/orig/sdcc/src/pic14/gen.c:6759:genIfx *{*
                      00588 ;; ***  genIfx  6760
                      00589 ;; ***  aopForSym 315
                      00590 ;;      327 sym->rname = _previousSample, size = 1
                      00591 ;; ***  pic14_toBoolean  1515
                      00592 ;; >>> /home/sdcc-builder/build/sdcc-build/orig/sdcc/src/pic14/gen.c:1522:pic14_toBoolean
0071                  00593 _00115_DS_
                      00594         .line   42; "SW.c"      else if((previousSample == SW_ACTIVE) && (currentSample == SW_DISACTIVE)
                            ){
0071   3000           00595         MOVLW   0x00
                      00596 ;; >>> /home/sdcc-builder/build/sdcc-build/orig/sdcc/src/pic14/gen.c:1533:pic14_toBoolean
                      00597 ;;      1009
                      00598 ;;      1028  _previousSample   offset=0
0072   ???? ????      00599         BANKSEL _previousSample
0074   04??           00600         IORWF   _previousSample,W
                      00601 ;; >>> /home/sdcc-builder/build/sdcc-build/orig/sdcc/src/pic14/gen.c:6808:genIfx
0075   1D03           00602         BTFSS   STATUS,2
                      00603 ;; >>> /home/sdcc-builder/build/sdcc-build/orig/sdcc/src/pic14/gen.c:6809:genIfx
                      00604 ;; ***  popGetLabel  key=16, label offset 8
0076   2???           00605         GOTO    _00124_DS_
                      00606 ;;; /home/sdcc-builder/build/sdcc-build/orig/sdcc/src/pic14/gen.c:2316:resultRemat *{*
                      00607 ;;; /home/sdcc-builder/build/sdcc-build/orig/sdcc/src/pic14/gen.c:3619:genCmpEq *{*
                      00608 ;; ***  genCmpEq  3620
                      00609 ;; ifx is non-null
                      00610 ;; ***  aopForSym 315
                      00611 ;;      327 sym->rname = _currentSample, size = 1
                      00612 ;;      line = 3631 result AOP_CRY=0x00, size=0, left AOP_DIR=_currentSample, size=1, right AOP_LIT=0x01
                            , size=1
                      00613 ;; ***  mov2w  1381  offset=0
                      00614 ;; >>> /home/sdcc-builder/build/sdcc-build/orig/sdcc/src/pic14/gen.c:1386:mov2w
                      00615 ;;      1009
                      00616 ;;      1028  _currentSample   offset=0
0077   ???? ????      00617         BANKSEL _currentSample
0079   08??           00618         MOVF    _currentSample,W
                      00619 ;; >>> /home/sdcc-builder/build/sdcc-build/orig/sdcc/src/pic14/gen.c:3685:genCmpEq
007A   3A01           00620         XORLW   0x01
gpasm-1.4.0 #1106 (Oct  6 2014) obj\Debug\SW.   10-29-2019  15:21:40        PAGE 13


LOC    OBJECT CODE    LINE  SOURCE TEXT
  VALUE

                      00621 ;; >>> /home/sdcc-builder/build/sdcc-build/orig/sdcc/src/pic14/gen.c:3687:genCmpEq
007B   1D03           00622         BTFSS   STATUS,2
                      00623 ;; >>> /home/sdcc-builder/build/sdcc-build/orig/sdcc/src/pic14/gen.c:3690:genCmpEq
                      00624 ;; ***  popGetLabel  key=16, label offset 8
007C   2???           00625         GOTO    _00124_DS_
                      00626 ;;; /home/sdcc-builder/build/sdcc-build/orig/sdcc/src/pic14/gen.c:2316:resultRemat *{*
                      00627 ;;; /home/sdcc-builder/build/sdcc-build/orig/sdcc/src/pic14/gen.c:2316:resultRemat *{*
                      00628 ;;; /home/sdcc-builder/build/sdcc-build/orig/sdcc/src/pic14/gen.c:6927:genAssign *{*
                      00629 ;; ***  genAssign  6928
                      00630 ;; ***  aopForSym 315
                      00631 ;;      327 sym->rname = _sw_state, size = 1
                      00632 ;;      line = 6937 result AOP_DIR=_sw_state, size=1, left -=-, size=0, right AOP_LIT=0x02, size=1
                      00633 ;; ***  genAssign  7023
                      00634 ;; >>> /home/sdcc-builder/build/sdcc-build/orig/sdcc/src/pic14/gen.c:7030:genAssign
                      00635         .line   43; "SW.c"      sw_state = pre_released;
007D   3002           00636         MOVLW   0x02
                      00637 ;; >>> /home/sdcc-builder/build/sdcc-build/orig/sdcc/src/pic14/gen.c:7032:genAssign
                      00638 ;;      1009
                      00639 ;;      1028  _sw_state   offset=0
007E   ???? ????      00640         BANKSEL _sw_state
0080   00??           00641         MOVWF   _sw_state
                      00642 ;;; /home/sdcc-builder/build/sdcc-build/orig/sdcc/src/pic14/gen.c:2316:resultRemat *{*
                      00643 ;;; /home/sdcc-builder/build/sdcc-build/orig/sdcc/src/pic14/gen.c:6927:genAssign *{*
                      00644 ;; ***  genAssign  6928
                      00645 ;; ***  aopForSym 315
                      00646 ;;      327 sym->rname = _sw_output, size = 1
                      00647 ;;      line = 6937 result AOP_DIR=_sw_output, size=1, left -=-, size=0, right AOP_LIT=0x00, size=1
                      00648 ;; ***  genAssign  7023
                      00649 ;; >>> /home/sdcc-builder/build/sdcc-build/orig/sdcc/src/pic14/gen.c:7035:genAssign
                      00650 ;;      1009
                      00651 ;;      1028  _sw_output   offset=0
                      00652         .line   44; "SW.c"      sw_output = unpressed;
0081   ???? ????      00653         BANKSEL _sw_output
0083   01??           00654         CLRF    _sw_output
                      00655 ;;; /home/sdcc-builder/build/sdcc-build/orig/sdcc/src/pic14/gen.c:2316:resultRemat *{*
                      00656 ;;; /home/sdcc-builder/build/sdcc-build/orig/sdcc/src/pic14/gen.c:2760:genLabel *{*
                      00657 ;; ***  genLabel  2763
                      00658 ;;; /home/sdcc-builder/build/sdcc-build/orig/sdcc/src/pic14/gen.c:2316:resultRemat *{*
                      00659 ;;; /home/sdcc-builder/build/sdcc-build/orig/sdcc/src/pic14/gen.c:6927:genAssign *{*
                      00660 ;; ***  genAssign  6928
                      00661 ;; ***  aopForSym 315
                      00662 ;;      327 sym->rname = _currentSample, size = 1
                      00663 ;; ***  aopForSym 315
                      00664 ;;      327 sym->rname = _previousSample, size = 1
                      00665 ;;      line = 6937 result AOP_DIR=_previousSample, size=1, left -=-, size=0, right AOP_DIR=_currentSamp
                            le, size=1
                      00666 ;; ***  genAssign  7023
                      00667 ;;; /home/sdcc-builder/build/sdcc-build/orig/sdcc/src/pic14/gen.c:1343:mov2w_op *{*
                      00668 ;; ***  mov2w  1381  offset=0
                      00669 ;; >>> /home/sdcc-builder/build/sdcc-build/orig/sdcc/src/pic14/gen.c:1386:mov2w
                      00670 ;;      1009
                      00671 ;;      1028  _currentSample   offset=0
0084                  00672 _00124_DS_
gpasm-1.4.0 #1106 (Oct  6 2014) obj\Debug\SW.   10-29-2019  15:21:40        PAGE 14


LOC    OBJECT CODE    LINE  SOURCE TEXT
  VALUE

                      00673         .line   47; "SW.c"      previousSample = currentSample;
0084   ???? ????      00674         BANKSEL _currentSample
0086   08??           00675         MOVF    _currentSample,W
                      00676 ;; >>> /home/sdcc-builder/build/sdcc-build/orig/sdcc/src/pic14/gen.c:7050:genAssign
                      00677 ;;      1009
                      00678 ;;      1028  _previousSample   offset=0
0087   ???? ????      00679         BANKSEL _previousSample
0089   00??           00680         MOVWF   _previousSample
                      00681 ;;; /home/sdcc-builder/build/sdcc-build/orig/sdcc/src/pic14/gen.c:2316:resultRemat *{*
                      00682 ;;; /home/sdcc-builder/build/sdcc-build/orig/sdcc/src/pic14/gen.c:2760:genLabel *{*
                      00683 ;; ***  genLabel  2763
                      00684 ;;; /home/sdcc-builder/build/sdcc-build/orig/sdcc/src/pic14/gen.c:2316:resultRemat *{*
                      00685 ;;; /home/sdcc-builder/build/sdcc-build/orig/sdcc/src/pic14/gen.c:2528:genEndFunction *{*
                      00686 ;; ***  genEndFunction  2530
008A                  00687 _00126_DS_
008A   0008           00688         RETURN  
                      00689 ; exit point of _SW_Update
                      00690 ;;; /home/sdcc-builder/build/sdcc-build/orig/sdcc/src/pic14/gen.c:7426:genpic14Code *{*
                      00691 
                      00692 ;***
                      00693 ;  pBlock Stats: dbName = C
                      00694 ;***
                      00695 ;entry:  _SW_Init       ;Function start
                      00696 ; 2 exit points
                      00697 ;has an exit
                      00698 ;1 compiler assigned register :
                      00699 ;   r0x1009
                      00700 ;; Starting pCode block
                      00701 ;;; /home/sdcc-builder/build/sdcc-build/orig/sdcc/src/pic14/gen.c:2316:resultRemat *{*
                      00702 ;;; /home/sdcc-builder/build/sdcc-build/orig/sdcc/src/pic14/gen.c:2760:genLabel *{*
                      00703 ;; ***  genLabel  2763
                      00704 ;;; /home/sdcc-builder/build/sdcc-build/orig/sdcc/src/pic14/gen.c:2316:resultRemat *{*
                      00705 ;;; /home/sdcc-builder/build/sdcc-build/orig/sdcc/src/pic14/gen.c:2340:genFunction *{*
                      00706 ;; ***  genFunction  2342 curr label offset=0previous max_key=0 
008B                  00707 _SW_Init        ;Function start
                      00708 ; 2 exit points
                      00709 ;;; /home/sdcc-builder/build/sdcc-build/orig/sdcc/src/pic14/gen.c:2316:resultRemat *{*
                      00710 ;;; /home/sdcc-builder/build/sdcc-build/orig/sdcc/src/pic14/gen.c:7120:genCast *{*
                      00711 ;; ***  genCast  7121
                      00712 ;; ***  aopForSym 315
                      00713 ;;      327 sym->rname = _TRISB, size = 1
                      00714 ;;      694 register type nRegs=1
                      00715 ;;      line = 7129 result AOP_REG=r0x1048, size=1, left -=-, size=0, right AOP_DIR=_TRISB, size=1
                      00716 ;; ***  genCast  7253
                      00717 ;; >>> /home/sdcc-builder/build/sdcc-build/orig/sdcc/src/pic14/gen.c:7277:genCast
                      00718 ;;      1009
                      00719 ;;      1028  _TRISB   offset=0
                      00720         .line   13; "SW.c"      GPIO_InitPortPin(GPIO_PORTB_CONTROL, GPIO_PIN_7, GPIO_IN);
008B   ???? ????      00721         BANKSEL _TRISB
008D   08??           00722         MOVF    _TRISB,W
                      00723 ;; >>> /home/sdcc-builder/build/sdcc-build/orig/sdcc/src/pic14/gen.c:7278:genCast
                      00724 ;;      1109 rIdx = r0x1048 
008E   ???? ????      00725         BANKSEL r0x1009
gpasm-1.4.0 #1106 (Oct  6 2014) obj\Debug\SW.   10-29-2019  15:21:40        PAGE 15


LOC    OBJECT CODE    LINE  SOURCE TEXT
  VALUE

0090   00??           00726         MOVWF   r0x1009
                      00727 ;;; /home/sdcc-builder/build/sdcc-build/orig/sdcc/src/pic14/gen.c:2316:resultRemat *{*
                      00728 ;;; /home/sdcc-builder/build/sdcc-build/orig/sdcc/src/pic14/gen.c:3919:genAnd *{*
                      00729 ;; ***  genAnd  3920
                      00730 ;;      694 register type nRegs=1
                      00731 ;;      694 register type nRegs=1
                      00732 ;;      line = 3955 result AOP_REG=r0x1048, size=1, left AOP_REG=r0x1048, size=1, right AOP_LIT=0x7f, si
                            ze=1
                      00733 ;; >>> /home/sdcc-builder/build/sdcc-build/orig/sdcc/src/pic14/gen.c:4122:genAnd
0091   13??           00734         BCF     r0x1009,7
                      00735 ;;; /home/sdcc-builder/build/sdcc-build/orig/sdcc/src/pic14/gen.c:2316:resultRemat *{*
                      00736 ;;; /home/sdcc-builder/build/sdcc-build/orig/sdcc/src/pic14/gen.c:4220:genOr *{*
                      00737 ;; ***  genOr  4221
                      00738 ;;      694 register type nRegs=1
                      00739 ;; ***  aopForSym 315
                      00740 ;;      327 sym->rname = _TRISB, size = 1
                      00741 ;;      line = 4227 result AOP_DIR=_TRISB, size=1, left AOP_REG=r0x1048, size=1, right AOP_LIT=0x80, siz
                            e=1
                      00742 ;;      line = 4253 result AOP_DIR=_TRISB, size=1, left AOP_REG=r0x1048, size=1, right AOP_LIT=0x80, siz
                            e=1
                      00743 ;; >>> /home/sdcc-builder/build/sdcc-build/orig/sdcc/src/pic14/gen.c:4470:genOr
0092   3080           00744         MOVLW   0x80
                      00745 ;; >>> /home/sdcc-builder/build/sdcc-build/orig/sdcc/src/pic14/gen.c:4471:genOr
                      00746 ;;      1109 rIdx = r0x1048 
0093   04??           00747         IORWF   r0x1009,W
                      00748 ;; >>> /home/sdcc-builder/build/sdcc-build/orig/sdcc/src/pic14/gen.c:4472:genOr
                      00749 ;;      1009
                      00750 ;;      1028  _TRISB   offset=0
0094   ???? ????      00751         BANKSEL _TRISB
0096   00??           00752         MOVWF   _TRISB
                      00753 ;;; /home/sdcc-builder/build/sdcc-build/orig/sdcc/src/pic14/gen.c:2316:resultRemat *{*
                      00754 ;;; /home/sdcc-builder/build/sdcc-build/orig/sdcc/src/pic14/gen.c:2760:genLabel *{*
                      00755 ;; ***  genLabel  2763
                      00756 ;;; /home/sdcc-builder/build/sdcc-build/orig/sdcc/src/pic14/gen.c:2316:resultRemat *{*
                      00757 ;;; /home/sdcc-builder/build/sdcc-build/orig/sdcc/src/pic14/gen.c:2528:genEndFunction *{*
                      00758 ;; ***  genEndFunction  2530
0097   0008           00759         RETURN  
                      00760 ; exit point of _SW_Init
                      00761 ;;; /home/sdcc-builder/build/sdcc-build/orig/sdcc/src/pic14/gen.c:7426:genpic14Code *{*
                      00762 
                      00763 
                      00764 ;       code size estimation:
                      00765 ;          86+   33 =   119 instructions (  304 byte)
                      00766 
                      00767         end
gpasm-1.4.0 #1106 (Oct  6 2014) obj\Debug\SW.   10-29-2019  15:21:40        PAGE 16


SYMBOL TABLE
  LABEL                             VALUE

ACKDT                             00000005
ACKEN                             00000004
ACKSTAT                           00000006
ADCON0                            0000001F
ADCON1                            0000009F
ADCS0                             00000006
ADCS1                             00000007
ADCS2                             00000006
ADDEN                             00000003
ADFM                              00000007
ADIE                              00000006
ADIF                              00000006
ADON                              00000000
ADRESH                            0000001E
ADRESL                            0000009E
BCLIE                             00000003
BCLIF                             00000003
BF                                00000000
BRGH                              00000002
C                                 00000000
C1INV                             00000004
C1OUT                             00000006
C2INV                             00000005
C2OUT                             00000007
CCP1CON                           00000017
CCP1IE                            00000002
CCP1IF                            00000002
CCP1M0                            00000000
CCP1M1                            00000001
CCP1M2                            00000002
CCP1M3                            00000003
CCP1X                             00000005
CCP1Y                             00000004
CCP2CON                           0000001D
CCP2IE                            00000000
CCP2IF                            00000000
CCP2M0                            00000000
CCP2M1                            00000001
CCP2M2                            00000002
CCP2M3                            00000003
CCP2X                             00000005
CCP2Y                             00000004
CCPR1                             00000015
CCPR1H                            00000016
CCPR1L                            00000015
CCPR2                             0000001B
CCPR2H                            0000001C
CCPR2L                            0000001B
CHS0                              00000003
CHS1                              00000004
CHS2                              00000005
CIS                               00000003
CKE                               00000006
gpasm-1.4.0 #1106 (Oct  6 2014) obj\Debug\SW.   10-29-2019  15:21:40        PAGE 17


SYMBOL TABLE
  LABEL                             VALUE 

CKP                               00000004
CM0                               00000000
CM1                               00000001
CM2                               00000002
CMCON                             0000009C
CMIE                              00000006
CMIF                              00000006
CREN                              00000004
CSRC                              00000007
CVR0                              00000000
CVR1                              00000001
CVR2                              00000002
CVR3                              00000003
CVRCON                            0000009D
CVREN                             00000007
CVROE                             00000006
CVRR                              00000005
D                                 00000005
DATA_ADDRESS                      00000005
DC                                00000001
D_A                               00000005
D_NOT_A                           00000005
EEADR                             0000010D
EEADRH                            0000010F
EECON1                            0000018C
EECON2                            0000018D
EEDATA                            0000010C
EEDATH                            0000010E
EEIE                              00000004
EEIF                              00000004
EEPGD                             00000007
F                                 00000001
FERR                              00000002
FSR                               00000004
GCEN                              00000007
GIE                               00000007
GO                                00000002
GO_DONE                           00000002
GO_NOT_DONE                       00000002
I2C_DATA                          00000005
I2C_READ                          00000002
I2C_START                         00000003
I2C_STOP                          00000004
IBF                               00000007
IBOV                              00000005
INDF                              00000000
INTCON                            0000000B
INTE                              00000004
INTEDG                            00000006
INTF                              00000001
IRP                               00000007
NOT_A                             00000005
NOT_ADDRESS                       00000005
gpasm-1.4.0 #1106 (Oct  6 2014) obj\Debug\SW.   10-29-2019  15:21:40        PAGE 18


SYMBOL TABLE
  LABEL                             VALUE 

NOT_BO                            00000000
NOT_BOR                           00000000
NOT_DONE                          00000002
NOT_PD                            00000003
NOT_POR                           00000001
NOT_RBPU                          00000007
NOT_RC8                           00000006
NOT_T1SYNC                        00000002
NOT_TO                            00000004
NOT_TX8                           00000006
NOT_W                             00000002
NOT_WRITE                         00000002
OBF                               00000006
OERR                              00000001
OPTION_REG                        00000081
P                                 00000004
PCFG0                             00000000
PCFG1                             00000001
PCFG2                             00000002
PCFG3                             00000003
PCL                               00000002
PCLATH                            0000000A
PCON                              0000008E
PEIE                              00000006
PEN                               00000002
PIE1                              0000008C
PIE2                              0000008D
PIR1                              0000000C
PIR2                              0000000D
PORTA                             00000005
PORTB                             00000006
PORTC                             00000007
PORTD                             00000008
PORTE                             00000009
PR2                               00000092
PS0                               00000000
PS1                               00000001
PS2                               00000002
PSA                               00000003
PSAVE                             00000000
PSPIE                             00000007
PSPIF                             00000007
PSPMODE                           00000004
R                                 00000002
RA0                               00000000
RA1                               00000001
RA2                               00000002
RA3                               00000003
RA4                               00000004
RA5                               00000005
RB0                               00000000
RB1                               00000001
RB2                               00000002
gpasm-1.4.0 #1106 (Oct  6 2014) obj\Debug\SW.   10-29-2019  15:21:40        PAGE 19


SYMBOL TABLE
  LABEL                             VALUE 

RB3                               00000003
RB4                               00000004
RB5                               00000005
RB6                               00000006
RB7                               00000007
RBIE                              00000003
RBIF                              00000000
RC0                               00000000
RC1                               00000001
RC2                               00000002
RC3                               00000003
RC4                               00000004
RC5                               00000005
RC6                               00000006
RC7                               00000007
RC8_9                             00000006
RC9                               00000006
RCD8                              00000000
RCEN                              00000003
RCIE                              00000005
RCIF                              00000005
RCREG                             0000001A
RCSTA                             00000018
RD                                00000000
RD0                               00000000
RD1                               00000001
RD2                               00000002
RD3                               00000003
RD4                               00000004
RD5                               00000005
RD6                               00000006
RD7                               00000007
RE0                               00000000
RE1                               00000001
RE2                               00000002
READ_WRITE                        00000002
RP0                               00000005
RP1                               00000006
RSEN                              00000001
RX9                               00000006
RX9D                              00000000
R_NOT_W                           00000002
R_W                               00000002
S                                 00000003
SEN                               00000000
SMP                               00000007
SPBRG                             00000099
SPEN                              00000007
SREN                              00000005
SSAVE                             00000000
SSPADD                            00000093
SSPBUF                            00000013
SSPCON                            00000014
gpasm-1.4.0 #1106 (Oct  6 2014) obj\Debug\SW.   10-29-2019  15:21:40        PAGE 20


SYMBOL TABLE
  LABEL                             VALUE 

SSPCON2                           00000091
SSPEN                             00000005
SSPIE                             00000003
SSPIF                             00000003
SSPM0                             00000000
SSPM1                             00000001
SSPM2                             00000002
SSPM3                             00000003
SSPOV                             00000006
SSPSTAT                           00000094
STATUS                            00000003
STK00                             00000000
STK01                             00000000
STK02                             00000000
STK03                             00000000
STK04                             00000000
STK05                             00000000
STK06                             00000000
STK07                             00000000
STK08                             00000000
STK09                             00000000
STK10                             00000000
STK11                             00000000
STK12                             00000000
SYNC                              00000004
T0CS                              00000005
T0IE                              00000005
T0IF                              00000002
T0SE                              00000004
T1CKPS0                           00000004
T1CKPS1                           00000005
T1CON                             00000010
T1INSYNC                          00000002
T1OSCEN                           00000003
T1SYNC                            00000002
T2CKPS0                           00000000
T2CKPS1                           00000001
T2CON                             00000012
TMR0                              00000001
TMR0IE                            00000005
TMR0IF                            00000002
TMR1                              0000000E
TMR1CS                            00000001
TMR1H                             0000000F
TMR1IE                            00000000
TMR1IF                            00000000
TMR1L                             0000000E
TMR1ON                            00000000
TMR2                              00000011
TMR2IE                            00000001
TMR2IF                            00000001
TMR2ON                            00000002
TOUTPS0                           00000003
gpasm-1.4.0 #1106 (Oct  6 2014) obj\Debug\SW.   10-29-2019  15:21:40        PAGE 21


SYMBOL TABLE
  LABEL                             VALUE 

TOUTPS1                           00000004
TOUTPS2                           00000005
TOUTPS3                           00000006
TRISA                             00000085
TRISA0                            00000000
TRISA1                            00000001
TRISA2                            00000002
TRISA3                            00000003
TRISA4                            00000004
TRISA5                            00000005
TRISB                             00000086
TRISB0                            00000000
TRISB1                            00000001
TRISB2                            00000002
TRISB3                            00000003
TRISB4                            00000004
TRISB5                            00000005
TRISB6                            00000006
TRISB7                            00000007
TRISC                             00000087
TRISC0                            00000000
TRISC1                            00000001
TRISC2                            00000002
TRISC3                            00000003
TRISC4                            00000004
TRISC5                            00000005
TRISC6                            00000006
TRISC7                            00000007
TRISD                             00000088
TRISD0                            00000000
TRISD1                            00000001
TRISD2                            00000002
TRISD3                            00000003
TRISD4                            00000004
TRISD5                            00000005
TRISD6                            00000006
TRISD7                            00000007
TRISE                             00000089
TRISE0                            00000000
TRISE1                            00000001
TRISE2                            00000002
TRMT                              00000001
TX8_9                             00000006
TX9                               00000006
TX9D                              00000000
TXD8                              00000000
TXEN                              00000005
TXIE                              00000004
TXIF                              00000004
TXREG                             00000019
TXSTA                             00000098
UA                                00000001
W                                 00000000
gpasm-1.4.0 #1106 (Oct  6 2014) obj\Debug\SW.   10-29-2019  15:21:40        PAGE 22


SYMBOL TABLE
  LABEL                             VALUE 

WCOL                              00000007
WR                                00000001
WREN                              00000002
WRERR                             00000003
WSAVE                             00000000
Z                                 00000002
_00001_DS_                        00000039
_00115_DS_                        00000071
_00119_DS_                        0000005E
_00123_DS_                        0000004C
_00124_DS_                        00000084
_00126_DS_                        0000008A
_ADCON0                           00000000
_ADCON0bits                       00000000
_ADCON1                           00000000
_ADCON1bits                       00000000
_ADRESH                           00000000
_ADRESL                           00000000
_BODEN_OFF                        00003FBF
_BODEN_ON                         00003FFF
_BOREN_OFF                        00003FBF
_BOREN_ON                         00003FFF
_CCP1CON                          00000000
_CCP1CONbits                      00000000
_CCP2CON                          00000000
_CCP2CONbits                      00000000
_CCPR1                            00000000
_CCPR1H                           00000000
_CCPR1L                           00000000
_CCPR2                            00000000
_CCPR2H                           00000000
_CCPR2L                           00000000
_CMCON                            00000000
_CMCONbits                        00000000
_CONFIG                           00002007
_CPD_OFF                          00003FFF
_CPD_ON                           00003EFF
_CP_ALL                           00001FFF
_CP_OFF                           00003FFF
_CP_ON                            00001FFF
_CVRCON                           00000000
_CVRCONbits                       00000000
_DEBUG_OFF                        00003FFF
_DEBUG_ON                         000037FF
_DEVID1                           00002006
_EEADR                            00000000
_EEADRH                           00000000
_EECON1                           00000000
_EECON1bits                       00000000
_EECON2                           00000000
_EEDATA                           00000000
_EEDATH                           00000000
_FOSC_EXTRC                       00003FFF
gpasm-1.4.0 #1106 (Oct  6 2014) obj\Debug\SW.   10-29-2019  15:21:40        PAGE 23


SYMBOL TABLE
  LABEL                             VALUE 

_FOSC_HS                          00003FFE
_FOSC_LP                          00003FFC
_FOSC_XT                          00003FFD
_FSR                              00000000
_HS_OSC                           00003FFE
_IDLOC0                           00002000
_IDLOC1                           00002001
_IDLOC2                           00002002
_IDLOC3                           00002003
_INDF                             00000000
_INTCON                           00000000
_INTCONbits                       00000000
_LP_OSC                           00003FFC
_LVP_OFF                          00003F7F
_LVP_ON                           00003FFF
_OPTION_REG                       00000000
_OPTION_REGbits                   00000000
_OS_Init                          00000000
_OS_Start                         00000000
_OS_Update                        00000000
_PCL                              00000000
_PCLATH                           00000000
_PCON                             00000000
_PCONbits                         00000000
_PIE1                             00000000
_PIE1bits                         00000000
_PIE2                             00000000
_PIE2bits                         00000000
_PIR1                             00000000
_PIR1bits                         00000000
_PIR2                             00000000
_PIR2bits                         00000000
_PORTA                            00000000
_PORTAbits                        00000000
_PORTB                            00000000
_PORTBbits                        00000000
_PORTC                            00000000
_PORTCbits                        00000000
_PORTD                            00000000
_PORTDbits                        00000000
_PORTE                            00000000
_PORTEbits                        00000000
_PR2                              00000000
_PWRTE_OFF                        00003FFF
_PWRTE_ON                         00003FF7
_RCREG                            00000000
_RCSTA                            00000000
_RCSTAbits                        00000000
_RC_OSC                           00003FFF
_SPBRG                            00000000
_SSPADD                           00000000
_SSPBUF                           00000000
_SSPCON                           00000000
gpasm-1.4.0 #1106 (Oct  6 2014) obj\Debug\SW.   10-29-2019  15:21:40        PAGE 24


SYMBOL TABLE
  LABEL                             VALUE 

_SSPCON2                          00000000
_SSPCON2bits                      00000000
_SSPCONbits                       00000000
_SSPSTAT                          00000000
_SSPSTATbits                      00000000
_STATUS                           00000000
_STATUSbits                       00000000
_SW_Init                          0000008B
_SW_Update                        00000018
_SW_Update_current_Time_1_10      00000005
_T1CON                            00000000
_T1CONbits                        00000000
_T2CON                            00000000
_T2CONbits                        00000000
_TMR0                             00000000
_TMR1                             00000000
_TMR1H                            00000000
_TMR1L                            00000000
_TMR2                             00000000
_TRISA                            00000000
_TRISAbits                        00000000
_TRISB                            00000000
_TRISBbits                        00000000
_TRISC                            00000000
_TRISCbits                        00000000
_TRISD                            00000000
_TRISDbits                        00000000
_TRISE                            00000000
_TRISEbits                        00000000
_TXREG                            00000000
_TXSTA                            00000000
_TXSTAbits                        00000000
_WDTE_OFF                         00003FFB
_WDTE_ON                          00003FFF
_WDT_OFF                          00003FFB
_WDT_ON                           00003FFF
_WRT_1FOURTH                      00003BFF
_WRT_256                          00003DFF
_WRT_HALF                         000039FF
_WRT_OFF                          00003FFF
_XT_OSC                           00003FFD
__16F877A                         00000001
__CODE_END                        00001FFF
__CODE_START                      00000000
__COMMON_RAM_END                  0000007F
__COMMON_RAM_START                00000070
__EEPROM_END                      000021FF
__EEPROM_START                    00002100
__VECTOR_INT                      00000004
__VECTOR_RESET                    00000000
__gptrput1                        00000000
_code_SW_0015                     00000015
_currentSample                    00000000
gpasm-1.4.0 #1106 (Oct  6 2014) obj\Debug\SW.   10-29-2019  15:21:40        PAGE 25


SYMBOL TABLE
  LABEL                             VALUE 

_get_SW_State                     00000000
_previousSample                   00000000
_sw_output                        00000000
_sw_state                         00000000
r0x1005                           00000004
r0x1006                           00000003
r0x1007                           00000002
r0x1008                           00000001
r0x1009                           00000000

Errors   :     0
Warnings :     0 reported,     0 suppressed
Messages :     0 reported,     0 suppressed

